<?xml version="1.0" encoding="UTF-8"?>
<testsuite name="com.show.admin.scetcshowvideosadmin.ScetcShowVideosAdminApplicationTests" time="6.138" tests="3" errors="3" skipped="0" failures="0">
  <properties>
[...]
</properties>
  <testcase name="test1" classname="com.show.admin.scetcshowvideosadmin.ScetcShowVideosAdminApplicationTests" time="2.102">
    <error message="I/O error on PATCH request for &quot;http://localhost:8082/welcome&quot;: Connect to localhost:8082 [localhost/127.0.0.1, localhost/0:0:0:0:0:0:0:1] failed: Connection refused: connect; nested exception is org.apache.http.conn.HttpHostConnectException: Connect to localhost:8082 [localhost/127.0.0.1, localhost/0:0:0:0:0:0:0:1] failed: Connection refused: connect" type="org.springframework.web.client.ResourceAccessException">org.springframework.web.client.ResourceAccessException: I/O error on PATCH request for "http://localhost:8082/welcome": Connect to localhost:8082 [localhost/127.0.0.1, localhost/0:0:0:0:0:0:0:1] failed: Connection refused: connect; nested exception is org.apache.http.conn.HttpHostConnectException: Connect to localhost:8082 [localhost/127.0.0.1, localhost/0:0:0:0:0:0:0:1] failed: Connection refused: connect
	at java.net.DualStackPlainSocketImpl.connect0(Native Method)
	at java.net.DualStackPlainSocketImpl.socketConnect(DualStackPlainSocketImpl.java:79)
	at java.net.AbstractPlainSocketImpl.doConnect(AbstractPlainSocketImpl.java:350)
	at java.net.AbstractPlainSocketImpl.connectToAddress(AbstractPlainSocketImpl.java:206)
	at java.net.AbstractPlainSocketImpl.connect(AbstractPlainSocketImpl.java:188)
	at java.net.PlainSocketImpl.connect(PlainSocketImpl.java:172)
	at java.net.SocksSocketImpl.connect(SocksSocketImpl.java:392)
	at java.net.Socket.connect(Socket.java:589)
	at org.apache.http.conn.socket.PlainConnectionSocketFactory.connectSocket(PlainConnectionSocketFactory.java:75)
	at org.apache.http.impl.conn.DefaultHttpClientConnectionOperator.connect(DefaultHttpClientConnectionOperator.java:142)
	at org.apache.http.impl.conn.PoolingHttpClientConnectionManager.connect(PoolingHttpClientConnectionManager.java:373)
	at org.apache.http.impl.execchain.MainClientExec.establishRoute(MainClientExec.java:394)
	at org.apache.http.impl.execchain.MainClientExec.execute(MainClientExec.java:237)
	at org.apache.http.impl.execchain.ProtocolExec.execute(ProtocolExec.java:185)
	at org.apache.http.impl.execchain.RetryExec.execute(RetryExec.java:89)
	at org.apache.http.impl.execchain.RedirectExec.execute(RedirectExec.java:110)
	at org.apache.http.impl.client.InternalHttpClient.doExecute(InternalHttpClient.java:185)
	at org.apache.http.impl.client.CloseableHttpClient.execute(CloseableHttpClient.java:83)
	at org.apache.http.impl.client.CloseableHttpClient.execute(CloseableHttpClient.java:56)
	at org.springframework.http.client.HttpComponentsClientHttpRequest.executeInternal(HttpComponentsClientHttpRequest.java:89)
	at org.springframework.http.client.AbstractBufferingClientHttpRequest.executeInternal(AbstractBufferingClientHttpRequest.java:48)
	at org.springframework.http.client.AbstractClientHttpRequest.execute(AbstractClientHttpRequest.java:53)
	at org.springframework.web.client.RestTemplate.doExecute(RestTemplate.java:660)
	at org.springframework.web.client.RestTemplate.execute(RestTemplate.java:621)
	at org.springframework.web.client.RestTemplate.patchForObject(RestTemplate.java:465)
	at org.springframework.boot.test.web.client.TestRestTemplate.patchForObject(TestRestTemplate.java:593)
	at com.show.admin.scetcshowvideosadmin.ScetcShowVideosAdminApplicationTests.test1(ScetcShowVideosAdminApplicationTests.java:36)
</error>
    <system-out><![CDATA[16:22:38.940 [main] DEBUG org.springframework.test.context.junit4.SpringJUnit4ClassRunner - SpringJUnit4ClassRunner constructor called with [class com.show.admin.scetcshowvideosadmin.ScetcShowVideosAdminApplicationTests]
16:22:38.947 [main] DEBUG org.springframework.test.context.BootstrapUtils - Instantiating CacheAwareContextLoaderDelegate from class [org.springframework.test.context.cache.DefaultCacheAwareContextLoaderDelegate]
16:22:38.955 [main] DEBUG org.springframework.test.context.BootstrapUtils - Instantiating BootstrapContext using constructor [public org.springframework.test.context.support.DefaultBootstrapContext(java.lang.Class,org.springframework.test.context.CacheAwareContextLoaderDelegate)]
16:22:38.970 [main] DEBUG org.springframework.test.context.BootstrapUtils - Instantiating TestContextBootstrapper for test class [com.show.admin.scetcshowvideosadmin.ScetcShowVideosAdminApplicationTests] from class [org.springframework.boot.test.context.SpringBootTestContextBootstrapper]
16:22:38.986 [main] INFO org.springframework.boot.test.context.SpringBootTestContextBootstrapper - Neither @ContextConfiguration nor @ContextHierarchy found for test class [com.show.admin.scetcshowvideosadmin.ScetcShowVideosAdminApplicationTests], using SpringBootContextLoader
16:22:38.992 [main] DEBUG org.springframework.test.context.support.AbstractContextLoader - Did not detect default resource location for test class [com.show.admin.scetcshowvideosadmin.ScetcShowVideosAdminApplicationTests]: class path resource [com/show/admin/scetcshowvideosadmin/ScetcShowVideosAdminApplicationTests-context.xml] does not exist
16:22:38.993 [main] DEBUG org.springframework.test.context.support.AbstractContextLoader - Did not detect default resource location for test class [com.show.admin.scetcshowvideosadmin.ScetcShowVideosAdminApplicationTests]: class path resource [com/show/admin/scetcshowvideosadmin/ScetcShowVideosAdminApplicationTestsContext.groovy] does not exist
16:22:38.994 [main] INFO org.springframework.test.context.support.AbstractContextLoader - Could not detect default resource locations for test class [com.show.admin.scetcshowvideosadmin.ScetcShowVideosAdminApplicationTests]: no resource found for suffixes {-context.xml, Context.groovy}.
16:22:39.035 [main] DEBUG org.springframework.test.context.support.ActiveProfilesUtils - Could not find an 'annotation declaring class' for annotation type [org.springframework.test.context.ActiveProfiles] and class [com.show.admin.scetcshowvideosadmin.ScetcShowVideosAdminApplicationTests]
16:22:39.085 [main] DEBUG org.springframework.boot.test.context.SpringBootTestContextBootstrapper - @TestExecutionListeners is not present for class [com.show.admin.scetcshowvideosadmin.ScetcShowVideosAdminApplicationTests]: using defaults.
16:22:39.092 [main] INFO org.springframework.boot.test.context.SpringBootTestContextBootstrapper - Loaded default TestExecutionListener class names from location [META-INF/spring.factories]: [org.springframework.boot.test.mock.mockito.MockitoTestExecutionListener, org.springframework.boot.test.mock.mockito.ResetMocksTestExecutionListener, org.springframework.boot.test.autoconfigure.restdocs.RestDocsTestExecutionListener, org.springframework.boot.test.autoconfigure.web.client.MockRestServiceServerResetTestExecutionListener, org.springframework.boot.test.autoconfigure.web.servlet.MockMvcPrintOnlyOnFailureTestExecutionListener, org.springframework.boot.test.autoconfigure.web.servlet.WebDriverTestExecutionListener, org.springframework.test.context.web.ServletTestExecutionListener, org.springframework.test.context.support.DirtiesContextBeforeModesTestExecutionListener, org.springframework.test.context.support.DependencyInjectionTestExecutionListener, org.springframework.test.context.support.DirtiesContextTestExecutionListener, org.springframework.test.context.transaction.TransactionalTestExecutionListener, org.springframework.test.context.jdbc.SqlScriptsTestExecutionListener]
16:22:39.117 [main] INFO org.springframework.boot.test.context.SpringBootTestContextBootstrapper - Using TestExecutionListeners: [org.springframework.test.context.web.ServletTestExecutionListener@e50a6f6, org.springframework.test.context.support.DirtiesContextBeforeModesTestExecutionListener@14ec4505, org.springframework.boot.test.mock.mockito.MockitoTestExecutionListener@53ca01a2, org.springframework.boot.test.autoconfigure.SpringBootDependencyInjectionTestExecutionListener@358c99f5, org.springframework.test.context.support.DirtiesContextTestExecutionListener@3ee0fea4, org.springframework.test.context.transaction.TransactionalTestExecutionListener@48524010, org.springframework.test.context.jdbc.SqlScriptsTestExecutionListener@4b168fa9, org.springframework.boot.test.mock.mockito.ResetMocksTestExecutionListener@1a84f40f, org.springframework.boot.test.autoconfigure.restdocs.RestDocsTestExecutionListener@23282c25, org.springframework.boot.test.autoconfigure.web.client.MockRestServiceServerResetTestExecutionListener@7920ba90, org.springframework.boot.test.autoconfigure.web.servlet.MockMvcPrintOnlyOnFailureTestExecutionListener@6b419da, org.springframework.boot.test.autoconfigure.web.servlet.WebDriverTestExecutionListener@3b2da18f]
16:22:39.119 [main] DEBUG org.springframework.test.annotation.ProfileValueUtils - Retrieved @ProfileValueSourceConfiguration [null] for test class [com.show.admin.scetcshowvideosadmin.ScetcShowVideosAdminApplicationTests]
16:22:39.120 [main] DEBUG org.springframework.test.annotation.ProfileValueUtils - Retrieved ProfileValueSource type [class org.springframework.test.annotation.SystemProfileValueSource] for class [com.show.admin.scetcshowvideosadmin.ScetcShowVideosAdminApplicationTests]
16:22:39.122 [main] DEBUG org.springframework.test.context.junit4.SpringJUnit4ClassRunner - SpringJUnit4ClassRunner constructor called with [class com.show.admin.scetcshowvideosadmin.ScetcShowVideosAdminApplicationTests]
16:22:39.122 [main] DEBUG org.springframework.test.context.BootstrapUtils - Instantiating CacheAwareContextLoaderDelegate from class [org.springframework.test.context.cache.DefaultCacheAwareContextLoaderDelegate]
16:22:39.122 [main] DEBUG org.springframework.test.context.BootstrapUtils - Instantiating BootstrapContext using constructor [public org.springframework.test.context.support.DefaultBootstrapContext(java.lang.Class,org.springframework.test.context.CacheAwareContextLoaderDelegate)]
16:22:39.123 [main] DEBUG org.springframework.test.context.BootstrapUtils - Instantiating TestContextBootstrapper for test class [com.show.admin.scetcshowvideosadmin.ScetcShowVideosAdminApplicationTests] from class [org.springframework.boot.test.context.SpringBootTestContextBootstrapper]
16:22:39.123 [main] INFO org.springframework.boot.test.context.SpringBootTestContextBootstrapper - Neither @ContextConfiguration nor @ContextHierarchy found for test class [com.show.admin.scetcshowvideosadmin.ScetcShowVideosAdminApplicationTests], using SpringBootContextLoader
16:22:39.124 [main] DEBUG org.springframework.test.context.support.AbstractContextLoader - Did not detect default resource location for test class [com.show.admin.scetcshowvideosadmin.ScetcShowVideosAdminApplicationTests]: class path resource [com/show/admin/scetcshowvideosadmin/ScetcShowVideosAdminApplicationTests-context.xml] does not exist
16:22:39.125 [main] DEBUG org.springframework.test.context.support.AbstractContextLoader - Did not detect default resource location for test class [com.show.admin.scetcshowvideosadmin.ScetcShowVideosAdminApplicationTests]: class path resource [com/show/admin/scetcshowvideosadmin/ScetcShowVideosAdminApplicationTestsContext.groovy] does not exist
16:22:39.126 [main] INFO org.springframework.test.context.support.AbstractContextLoader - Could not detect default resource locations for test class [com.show.admin.scetcshowvideosadmin.ScetcShowVideosAdminApplicationTests]: no resource found for suffixes {-context.xml, Context.groovy}.
16:22:39.133 [main] DEBUG org.springframework.test.context.support.ActiveProfilesUtils - Could not find an 'annotation declaring class' for annotation type [org.springframework.test.context.ActiveProfiles] and class [com.show.admin.scetcshowvideosadmin.ScetcShowVideosAdminApplicationTests]
16:22:39.136 [main] DEBUG org.springframework.boot.test.context.SpringBootTestContextBootstrapper - @TestExecutionListeners is not present for class [com.show.admin.scetcshowvideosadmin.ScetcShowVideosAdminApplicationTests]: using defaults.
16:22:39.141 [main] INFO org.springframework.boot.test.context.SpringBootTestContextBootstrapper - Loaded default TestExecutionListener class names from location [META-INF/spring.factories]: [org.springframework.boot.test.mock.mockito.MockitoTestExecutionListener, org.springframework.boot.test.mock.mockito.ResetMocksTestExecutionListener, org.springframework.boot.test.autoconfigure.restdocs.RestDocsTestExecutionListener, org.springframework.boot.test.autoconfigure.web.client.MockRestServiceServerResetTestExecutionListener, org.springframework.boot.test.autoconfigure.web.servlet.MockMvcPrintOnlyOnFailureTestExecutionListener, org.springframework.boot.test.autoconfigure.web.servlet.WebDriverTestExecutionListener, org.springframework.test.context.web.ServletTestExecutionListener, org.springframework.test.context.support.DirtiesContextBeforeModesTestExecutionListener, org.springframework.test.context.support.DependencyInjectionTestExecutionListener, org.springframework.test.context.support.DirtiesContextTestExecutionListener, org.springframework.test.context.transaction.TransactionalTestExecutionListener, org.springframework.test.context.jdbc.SqlScriptsTestExecutionListener]
16:22:39.146 [main] INFO org.springframework.boot.test.context.SpringBootTestContextBootstrapper - Using TestExecutionListeners: [org.springframework.test.context.web.ServletTestExecutionListener@56de5251, org.springframework.test.context.support.DirtiesContextBeforeModesTestExecutionListener@419c5f1a, org.springframework.boot.test.mock.mockito.MockitoTestExecutionListener@12b0404f, org.springframework.boot.test.autoconfigure.SpringBootDependencyInjectionTestExecutionListener@769e7ee8, org.springframework.test.context.support.DirtiesContextTestExecutionListener@5276e6b0, org.springframework.test.context.transaction.TransactionalTestExecutionListener@71b1176b, org.springframework.test.context.jdbc.SqlScriptsTestExecutionListener@6193932a, org.springframework.boot.test.mock.mockito.ResetMocksTestExecutionListener@647fd8ce, org.springframework.boot.test.autoconfigure.restdocs.RestDocsTestExecutionListener@159f197, org.springframework.boot.test.autoconfigure.web.client.MockRestServiceServerResetTestExecutionListener@78aab498, org.springframework.boot.test.autoconfigure.web.servlet.MockMvcPrintOnlyOnFailureTestExecutionListener@5dd6264, org.springframework.boot.test.autoconfigure.web.servlet.WebDriverTestExecutionListener@1ffe63b9]
16:22:39.146 [main] DEBUG org.springframework.test.annotation.ProfileValueUtils - Retrieved @ProfileValueSourceConfiguration [null] for test class [com.show.admin.scetcshowvideosadmin.ScetcShowVideosAdminApplicationTests]
16:22:39.146 [main] DEBUG org.springframework.test.annotation.ProfileValueUtils - Retrieved ProfileValueSource type [class org.springframework.test.annotation.SystemProfileValueSource] for class [com.show.admin.scetcshowvideosadmin.ScetcShowVideosAdminApplicationTests]
16:22:39.148 [main] DEBUG org.springframework.test.annotation.ProfileValueUtils - Retrieved @ProfileValueSourceConfiguration [null] for test class [com.show.admin.scetcshowvideosadmin.ScetcShowVideosAdminApplicationTests]
16:22:39.148 [main] DEBUG org.springframework.test.annotation.ProfileValueUtils - Retrieved ProfileValueSource type [class org.springframework.test.annotation.SystemProfileValueSource] for class [com.show.admin.scetcshowvideosadmin.ScetcShowVideosAdminApplicationTests]
16:22:39.153 [main] DEBUG org.springframework.test.context.support.AbstractDirtiesContextTestExecutionListener - Before test class: context [DefaultTestContext@6e0dec4a testClass = ScetcShowVideosAdminApplicationTests, testInstance = [null], testMethod = [null], testException = [null], mergedContextConfiguration = [WebMergedContextConfiguration@96def03 testClass = ScetcShowVideosAdminApplicationTests, locations = '{}', classes = '{class com.show.admin.scetc.ScetcShowVideosAdminApplication, class com.show.admin.scetc.ScetcShowVideosAdminApplication}', contextInitializerClasses = '[]', activeProfiles = '{}', propertySourceLocations = '{}', propertySourceProperties = '{org.springframework.boot.test.context.SpringBootTestContextBootstrapper=true}', contextCustomizers = set[org.springframework.boot.test.context.SpringBootTestContextCustomizer@4e718207, org.springframework.boot.test.context.filter.ExcludeFilterContextCustomizer@13eb8acf, org.springframework.boot.test.json.DuplicateJsonObjectContextCustomizerFactory$DuplicateJsonObjectContextCustomizer@43738a82, org.springframework.boot.test.mock.mockito.MockitoContextCustomizer@0, org.springframework.boot.test.autoconfigure.properties.PropertyMappingContextCustomizer@0, org.springframework.boot.test.autoconfigure.web.servlet.WebDriverContextCustomizerFactory$Customizer@149494d8], resourceBasePath = 'src/main/webapp', contextLoader = 'org.springframework.boot.test.context.SpringBootContextLoader', parent = [null]]], class annotated with @DirtiesContext [false] with mode [null].
16:22:39.154 [main] DEBUG org.springframework.test.annotation.ProfileValueUtils - Retrieved @ProfileValueSourceConfiguration [null] for test class [com.show.admin.scetcshowvideosadmin.ScetcShowVideosAdminApplicationTests]
16:22:39.154 [main] DEBUG org.springframework.test.annotation.ProfileValueUtils - Retrieved ProfileValueSource type [class org.springframework.test.annotation.SystemProfileValueSource] for class [com.show.admin.scetcshowvideosadmin.ScetcShowVideosAdminApplicationTests]
16:22:39.812 [main] DEBUG org.springframework.core.env.StandardEnvironment - Adding PropertySource 'systemProperties' with lowest search precedence
16:22:39.813 [main] DEBUG org.springframework.core.env.StandardEnvironment - Adding PropertySource 'systemEnvironment' with lowest search precedence
16:22:39.821 [main] DEBUG org.springframework.core.env.StandardEnvironment - Initialized StandardEnvironment with PropertySources [MapPropertySource@508378341 {name='systemProperties', properties={java.runtime.name=Java(TM) SE Runtime Environment, sun.boot.library.path=C:\Program Files\Java\jdk1.8.0_121\jre\bin, java.vm.version=25.121-b13, java.vm.vendor=Oracle Corporation, java.vendor.url=http://java.oracle.com/, path.separator=;, java.vm.name=Java HotSpot(TM) 64-Bit Server VM, file.encoding.pkg=sun.io, user.country=CN, user.script=, sun.java.launcher=SUN_STANDARD, sun.os.patch.level=, java.vm.specification.name=Java Virtual Machine Specification, user.dir=H:\showlife\show-videos\scetc-show-videos-admin, java.runtime.version=1.8.0_121-b13, basedir=H:\showlife\show-videos\scetc-show-videos-admin, java.awt.graphicsenv=sun.awt.Win32GraphicsEnvironment, java.endorsed.dirs=C:\Program Files\Java\jdk1.8.0_121\jre\lib\endorsed, os.arch=amd64, surefire.real.class.path=H:\showlife\show-videos\scetc-show-videos-admin\target\surefire\surefirebooter1626821024148785399.jar, java.io.tmpdir=C:\Users\reborn\AppData\Local\Temp\, line.separator=
, java.vm.specification.vendor=Oracle Corporation, user.variant=, os.name=Windows 10, sun.jnu.encoding=GBK, java.library.path=C:\Program Files\Java\jdk1.8.0_121\jre\bin;C:\Windows\Sun\Java\bin;C:\Windows\system32;C:\Windows;C:/Program Files/Java/jre1.8.0_201/bin/server;C:/Program Files/Java/jre1.8.0_201/bin;C:/Program Files/Java/jre1.8.0_201/lib/amd64;C:\Program Files (x86)\Common Files\Oracle\Java\javapath;C:\ProgramData\Oracle\Java\javapath;C:\Windows\system32;C:\Windows;C:\Windows\System32\Wbem;C:\Windows\System32\WindowsPowerShell\v1.0\;;C:\Program Files\Java\jdk1.8.0_121\bin;C:\Program Files\Java\jdk1.8.0_121\jre\bin;F:\springsts\sts-bundle\sts-3.9.6.RELEASE;;., surefire.test.class.path=H:\showlife\show-videos\scetc-show-videos-admin\target\test-classes;H:\showlife\show-videos\scetc-show-videos-admin\target\classes;C:\Users\reborn\.m2\repository\org\apache\httpcomponents\httpclient\4.5.6\httpclient-4.5.6.jar;C:\Users\reborn\.m2\repository\org\apache\httpcomponents\httpcore\4.4.10\httpcore-4.4.10.jar;C:\Users\reborn\.m2\repository\commons-codec\commons-codec\1.10\commons-codec-1.10.jar;C:\Users\reborn\.m2\repository\org\springframework\boot\spring-boot-starter-test\1.5.18.BUILD-SNAPSHOT\spring-boot-starter-test-1.5.18.BUILD-SNAPSHOT.jar;C:\Users\reborn\.m2\repository\org\springframework\boot\spring-boot-test\1.5.18.BUILD-SNAPSHOT\spring-boot-test-1.5.18.BUILD-SNAPSHOT.jar;C:\Users\reborn\.m2\repository\org\springframework\boot\spring-boot-test-autoconfigure\1.5.18.BUILD-SNAPSHOT\spring-boot-test-autoconfigure-1.5.18.BUILD-SNAPSHOT.jar;C:\Users\reborn\.m2\repository\com\jayway\jsonpath\json-path\2.2.0\json-path-2.2.0.jar;C:\Users\reborn\.m2\repository\net\minidev\json-smart\2.2.1\json-smart-2.2.1.jar;C:\Users\reborn\.m2\repository\net\minidev\accessors-smart\1.1\accessors-smart-1.1.jar;C:\Users\reborn\.m2\repository\org\ow2\asm\asm\5.0.3\asm-5.0.3.jar;C:\Users\reborn\.m2\repository\junit\junit\4.12\junit-4.12.jar;C:\Users\reborn\.m2\repository\org\assertj\assertj-core\2.6.0\assertj-core-2.6.0.jar;C:\Users\reborn\.m2\repository\org\mockito\mockito-core\1.10.19\mockito-core-1.10.19.jar;C:\Users\reborn\.m2\repository\org\objenesis\objenesis\2.1\objenesis-2.1.jar;C:\Users\reborn\.m2\repository\org\hamcrest\hamcrest-core\1.3\hamcrest-core-1.3.jar;C:\Users\reborn\.m2\repository\org\hamcrest\hamcrest-library\1.3\hamcrest-library-1.3.jar;C:\Users\reborn\.m2\repository\org\skyscreamer\jsonassert\1.4.0\jsonassert-1.4.0.jar;C:\Users\reborn\.m2\repository\com\vaadin\external\google\android-json\0.0.20131108.vaadin1\android-json-0.0.20131108.vaadin1.jar;C:\Users\reborn\.m2\repository\org\springframework\spring-core\4.3.21.RELEASE\spring-core-4.3.21.RELEASE.jar;C:\Users\reborn\.m2\repository\org\springframework\spring-test\4.3.21.RELEASE\spring-test-4.3.21.RELEASE.jar;C:\Users\reborn\.m2\repository\javax\servlet\javax.servlet-api\3.1.0\javax.servlet-api-3.1.0.jar;C:\Users\reborn\.m2\repository\org\apache\maven\plugins\maven-resources-plugin\2.6\maven-resources-plugin-2.6.jar;C:\Users\reborn\.m2\repository\org\apache\maven\maven-plugin-api\2.0.6\maven-plugin-api-2.0.6.jar;C:\Users\reborn\.m2\repository\org\apache\maven\maven-project\2.0.6\maven-project-2.0.6.jar;C:\Users\reborn\.m2\repository\org\apache\maven\maven-profile\2.0.6\maven-profile-2.0.6.jar;C:\Users\reborn\.m2\repository\org\apache\maven\maven-artifact-manager\2.0.6\maven-artifact-manager-2.0.6.jar;C:\Users\reborn\.m2\repository\org\apache\maven\maven-plugin-registry\2.0.6\maven-plugin-registry-2.0.6.jar;C:\Users\reborn\.m2\repository\org\apache\maven\maven-core\2.0.6\maven-core-2.0.6.jar;C:\Users\reborn\.m2\repository\org\apache\maven\wagon\wagon-file\1.0-beta-2\wagon-file-1.0-beta-2.jar;C:\Users\reborn\.m2\repository\org\apache\maven\maven-plugin-parameter-documenter\2.0.6\maven-plugin-parameter-documenter-2.0.6.jar;C:\Users\reborn\.m2\repository\org\apache\maven\wagon\wagon-http-lightweight\1.0-beta-2\wagon-http-lightweight-1.0-beta-2.jar;C:\Users\reborn\.m2\repository\org\apache\maven\wagon\wagon-http-shared\1.0-beta-2\wagon-http-shared-1.0-beta-2.jar;C:\Users\reborn\.m2\repository\jtidy\jtidy\4aug2000r7-dev\jtidy-4aug2000r7-dev.jar;C:\Users\reborn\.m2\repository\xml-apis\xml-apis\1.4.01\xml-apis-1.4.01.jar;C:\Users\reborn\.m2\repository\org\apache\maven\reporting\maven-reporting-api\2.0.6\maven-reporting-api-2.0.6.jar;C:\Users\reborn\.m2\repository\org\apache\maven\doxia\doxia-sink-api\1.0-alpha-7\doxia-sink-api-1.0-alpha-7.jar;C:\Users\reborn\.m2\repository\org\apache\maven\wagon\wagon-provider-api\1.0-beta-2\wagon-provider-api-1.0-beta-2.jar;C:\Users\reborn\.m2\repository\org\apache\maven\maven-repository-metadata\2.0.6\maven-repository-metadata-2.0.6.jar;C:\Users\reborn\.m2\repository\org\apache\maven\maven-error-diagnostics\2.0.6\maven-error-diagnostics-2.0.6.jar;C:\Users\reborn\.m2\repository\commons-cli\commons-cli\1.0\commons-cli-1.0.jar;C:\Users\reborn\.m2\repository\org\apache\maven\wagon\wagon-ssh-external\1.0-beta-2\wagon-ssh-external-1.0-beta-2.jar;C:\Users\reborn\.m2\repository\org\apache\maven\wagon\wagon-ssh-common\1.0-beta-2\wagon-ssh-common-1.0-beta-2.jar;C:\Users\reborn\.m2\repository\org\apache\maven\maven-plugin-descriptor\2.0.6\maven-plugin-descriptor-2.0.6.jar;C:\Users\reborn\.m2\repository\org\codehaus\plexus\plexus-interactivity-api\1.0-alpha-4\plexus-interactivity-api-1.0-alpha-4.jar;C:\Users\reborn\.m2\repository\org\apache\maven\wagon\wagon-ssh\1.0-beta-2\wagon-ssh-1.0-beta-2.jar;C:\Users\reborn\.m2\repository\com\jcraft\jsch\0.1.27\jsch-0.1.27.jar;C:\Users\reborn\.m2\repository\classworlds\classworlds\1.1\classworlds-1.1.jar;C:\Users\reborn\.m2\repository\org\apache\maven\maven-artifact\2.0.6\maven-artifact-2.0.6.jar;C:\Users\reborn\.m2\repository\org\apache\maven\maven-settings\2.0.6\maven-settings-2.0.6.jar;C:\Users\reborn\.m2\repository\org\apache\maven\maven-model\2.0.6\maven-model-2.0.6.jar;C:\Users\reborn\.m2\repository\org\apache\maven\maven-monitor\2.0.6\maven-monitor-2.0.6.jar;C:\Users\reborn\.m2\repository\org\codehaus\plexus\plexus-container-default\1.0-alpha-9-stable-1\plexus-container-default-1.0-alpha-9-stable-1.jar;C:\Users\reborn\.m2\repository\org\codehaus\plexus\plexus-utils\2.0.5\plexus-utils-2.0.5.jar;C:\Users\reborn\.m2\repository\org\apache\maven\shared\maven-filtering\1.1\maven-filtering-1.1.jar;C:\Users\reborn\.m2\repository\org\sonatype\plexus\plexus-build-api\0.0.4\plexus-build-api-0.0.4.jar;C:\Users\reborn\.m2\repository\org\codehaus\plexus\plexus-interpolation\1.13\plexus-interpolation-1.13.jar;C:\Users\reborn\.m2\repository\org\springframework\boot\spring-boot-starter-aop\1.5.18.BUILD-SNAPSHOT\spring-boot-starter-aop-1.5.18.BUILD-SNAPSHOT.jar;C:\Users\reborn\.m2\repository\org\springframework\spring-aop\4.3.21.RELEASE\spring-aop-4.3.21.RELEASE.jar;C:\Users\reborn\.m2\repository\org\springframework\spring-beans\4.3.21.RELEASE\spring-beans-4.3.21.RELEASE.jar;C:\Users\reborn\.m2\repository\org\aspectj\aspectjweaver\1.8.13\aspectjweaver-1.8.13.jar;C:\Users\reborn\.m2\repository\commons-lang\commons-lang\2.6\commons-lang-2.6.jar;C:\Users\reborn\.m2\repository\org\springframework\boot\spring-boot-devtools\1.5.18.BUILD-SNAPSHOT\spring-boot-devtools-1.5.18.BUILD-SNAPSHOT.jar;C:\Users\reborn\.m2\repository\org\springframework\boot\spring-boot\1.5.18.BUILD-SNAPSHOT\spring-boot-1.5.18.BUILD-SNAPSHOT.jar;C:\Users\reborn\.m2\repository\org\springframework\spring-context\4.3.21.RELEASE\spring-context-4.3.21.RELEASE.jar;C:\Users\reborn\.m2\repository\org\springframework\boot\spring-boot-autoconfigure\1.5.18.BUILD-SNAPSHOT\spring-boot-autoconfigure-1.5.18.BUILD-SNAPSHOT.jar;C:\Users\reborn\.m2\repository\org\springframework\boot\spring-boot-starter-web\1.5.18.BUILD-SNAPSHOT\spring-boot-starter-web-1.5.18.BUILD-SNAPSHOT.jar;C:\Users\reborn\.m2\repository\org\springframework\boot\spring-boot-starter-tomcat\1.5.18.BUILD-SNAPSHOT\spring-boot-starter-tomcat-1.5.18.BUILD-SNAPSHOT.jar;C:\Users\reborn\.m2\repository\org\apache\tomcat\embed\tomcat-embed-core\8.5.35\tomcat-embed-core-8.5.35.jar;C:\Users\reborn\.m2\repository\org\apache\tomcat\tomcat-annotations-api\8.5.35\tomcat-annotations-api-8.5.35.jar;C:\Users\reborn\.m2\repository\org\apache\tomcat\embed\tomcat-embed-el\8.5.35\tomcat-embed-el-8.5.35.jar;C:\Users\reborn\.m2\repository\org\apache\tomcat\embed\tomcat-embed-websocket\8.5.35\tomcat-embed-websocket-8.5.35.jar;C:\Users\reborn\.m2\repository\org\hibernate\hibernate-validator\5.3.6.Final\hibernate-validator-5.3.6.Final.jar;C:\Users\reborn\.m2\repository\javax\validation\validation-api\1.1.0.Final\validation-api-1.1.0.Final.jar;C:\Users\reborn\.m2\repository\org\jboss\logging\jboss-logging\3.3.2.Final\jboss-logging-3.3.2.Final.jar;C:\Users\reborn\.m2\repository\com\fasterxml\jackson\core\jackson-databind\2.8.11.3\jackson-databind-2.8.11.3.jar;C:\Users\reborn\.m2\repository\org\springframework\spring-web\4.3.21.RELEASE\spring-web-4.3.21.RELEASE.jar;C:\Users\reborn\.m2\repository\org\springframework\spring-webmvc\4.3.21.RELEASE\spring-webmvc-4.3.21.RELEASE.jar;C:\Users\reborn\.m2\repository\org\springframework\spring-expression\4.3.21.RELEASE\spring-expression-4.3.21.RELEASE.jar;C:\Users\reborn\.m2\repository\org\apache\commons\commons-email\1.4\commons-email-1.4.jar;C:\Users\reborn\.m2\repository\com\sun\mail\javax.mail\1.5.6\javax.mail-1.5.6.jar;C:\Users\reborn\.m2\repository\javax\activation\activation\1.1.1\activation-1.1.1.jar;C:\Users\reborn\.m2\repository\com\netflix\eureka\eureka-client\1.9.5\eureka-client-1.9.5.jar;C:\Users\reborn\.m2\repository\org\codehaus\jettison\jettison\1.3.7\jettison-1.3.7.jar;C:\Users\reborn\.m2\repository\stax\stax-api\1.0.1\stax-api-1.0.1.jar;C:\Users\reborn\.m2\repository\com\netflix\netflix-commons\netflix-eventbus\0.3.0\netflix-eventbus-0.3.0.jar;C:\Users\reborn\.m2\repository\com\netflix\netflix-commons\netflix-infix\0.3.0\netflix-infix-0.3.0.jar;C:\Users\reborn\.m2\repository\commons-jxpath\commons-jxpath\1.3\commons-jxpath-1.3.jar;C:\Users\reborn\.m2\repository\joda-time\joda-time\2.9.9\joda-time-2.9.9.jar;C:\Users\reborn\.m2\repository\javax\servlet\servlet-api\2.5\servlet-api-2.5.jar;C:\Users\reborn\.m2\repository\org\antlr\antlr-runtime\3.4\antlr-runtime-3.4.jar;C:\Users\reborn\.m2\repository\org\antlr\stringtemplate\3.2.1\stringtemplate-3.2.1.jar;C:\Users\reborn\.m2\repository\antlr\antlr\2.7.7\antlr-2.7.7.jar;C:\Users\reborn\.m2\repository\com\google\code\gson\gson\2.8.5\gson-2.8.5.jar;C:\Users\reborn\.m2\repository\org\apache\commons\commons-math\2.2\commons-math-2.2.jar;C:\Users\reborn\.m2\repository\com\thoughtworks\xstream\xstream\1.4.10\xstream-1.4.10.jar;C:\Users\reborn\.m2\repository\xmlpull\xmlpull\1.1.3.1\xmlpull-1.1.3.1.jar;C:\Users\reborn\.m2\repository\xpp3\xpp3_min\1.1.4c\xpp3_min-1.1.4c.jar;C:\Users\reborn\.m2\repository\com\netflix\archaius\archaius-core\0.7.6\archaius-core-0.7.6.jar;C:\Users\reborn\.m2\repository\com\google\code\findbugs\jsr305\3.0.1\jsr305-3.0.1.jar;C:\Users\reborn\.m2\repository\commons-configuration\commons-configuration\1.8\commons-configuration-1.8.jar;C:\Users\reborn\.m2\repository\commons-logging\commons-logging\1.1.1\commons-logging-1.1.1.jar;C:\Users\reborn\.m2\repository\javax\ws\rs\jsr311-api\1.1.1\jsr311-api-1.1.1.jar;C:\Users\reborn\.m2\repository\com\netflix\servo\servo-core\0.12.21\servo-core-0.12.21.jar;C:\Users\reborn\.m2\repository\com\sun\jersey\jersey-core\1.19.1\jersey-core-1.19.1.jar;C:\Users\reborn\.m2\repository\com\sun\jersey\jersey-client\1.19.1\jersey-client-1.19.1.jar;C:\Users\reborn\.m2\repository\com\sun\jersey\contribs\jersey-apache-client4\1.19.1\jersey-apache-client4-1.19.1.jar;C:\Users\reborn\.m2\repository\com\google\inject\guice\4.1.0\guice-4.1.0.jar;C:\Users\reborn\.m2\repository\javax\inject\javax.inject\1\javax.inject-1.jar;C:\Users\reborn\.m2\repository\aopalliance\aopalliance\1.0\aopalliance-1.0.jar;C:\Users\reborn\.m2\repository\com\github\vlsi\compactmap\compactmap\1.2.1\compactmap-1.2.1.jar;C:\Users\reborn\.m2\repository\com\github\andrewoma\dexx\dexx-collections\0.2\dexx-collections-0.2.jar;C:\Users\reborn\.m2\repository\com\fasterxml\jackson\core\jackson-annotations\2.8.0\jackson-annotations-2.8.0.jar;C:\Users\reborn\.m2\repository\com\fasterxml\jackson\core\jackson-core\2.8.11\jackson-core-2.8.11.jar;C:\Users\reborn\.m2\repository\io\springfox\springfox-swagger2\2.8.0\springfox-swagger2-2.8.0.jar;C:\Users\reborn\.m2\repository\io\swagger\swagger-annotations\1.5.14\swagger-annotations-1.5.14.jar;C:\Users\reborn\.m2\repository\io\swagger\swagger-models\1.5.14\swagger-models-1.5.14.jar;C:\Users\reborn\.m2\repository\io\springfox\springfox-spi\2.8.0\springfox-spi-2.8.0.jar;C:\Users\reborn\.m2\repository\io\springfox\springfox-core\2.8.0\springfox-core-2.8.0.jar;C:\Users\reborn\.m2\repository\net\bytebuddy\byte-buddy\1.7.9\byte-buddy-1.7.9.jar;C:\Users\reborn\.m2\repository\io\springfox\springfox-schema\2.8.0\springfox-schema-2.8.0.jar;C:\Users\reborn\.m2\repository\io\springfox\springfox-swagger-common\2.8.0\springfox-swagger-common-2.8.0.jar;C:\Users\reborn\.m2\repository\io\springfox\springfox-spring-web\2.8.0\springfox-spring-web-2.8.0.jar;C:\Users\reborn\.m2\repository\org\reflections\reflections\0.9.11\reflections-0.9.11.jar;C:\Users\reborn\.m2\repository\org\javassist\javassist\3.21.0-GA\javassist-3.21.0-GA.jar;C:\Users\reborn\.m2\repository\com\google\guava\guava\20.0\guava-20.0.jar;C:\Users\reborn\.m2\repository\com\fasterxml\classmate\1.3.4\classmate-1.3.4.jar;C:\Users\reborn\.m2\repository\org\slf4j\slf4j-api\1.7.25\slf4j-api-1.7.25.jar;C:\Users\reborn\.m2\repository\org\springframework\plugin\spring-plugin-core\1.2.0.RELEASE\spring-plugin-core-1.2.0.RELEASE.jar;C:\Users\reborn\.m2\repository\org\springframework\plugin\spring-plugin-metadata\1.2.0.RELEASE\spring-plugin-metadata-1.2.0.RELEASE.jar;C:\Users\reborn\.m2\repository\org\mapstruct\mapstruct\1.2.0.Final\mapstruct-1.2.0.Final.jar;C:\Users\reborn\.m2\repository\io\springfox\springfox-swagger-ui\2.8.0\springfox-swagger-ui-2.8.0.jar;C:\Users\reborn\.m2\repository\org\springframework\cloud\spring-cloud-config-client\1.3.0.RELEASE\spring-cloud-config-client-1.3.0.RELEASE.jar;C:\Users\reborn\.m2\repository\org\springframework\cloud\spring-cloud-commons\1.2.0.RELEASE\spring-cloud-commons-1.2.0.RELEASE.jar;C:\Users\reborn\.m2\repository\org\springframework\security\spring-security-crypto\4.2.10.RELEASE\spring-security-crypto-4.2.10.RELEASE.jar;C:\Users\reborn\.m2\repository\org\springframework\cloud\spring-cloud-context\1.2.0.RELEASE\spring-cloud-context-1.2.0.RELEASE.jar;C:\Users\reborn\.m2\repository\mysql\mysql-connector-java\5.1.47\mysql-connector-java-5.1.47.jar;C:\Users\reborn\.m2\repository\org\springframework\boot\spring-boot-configuration-processor\1.5.18.BUILD-SNAPSHOT\spring-boot-configuration-processor-1.5.18.BUILD-SNAPSHOT.jar;C:\Users\reborn\.m2\repository\org\springframework\boot\spring-boot-starter\1.5.18.BUILD-SNAPSHOT\spring-boot-starter-1.5.18.BUILD-SNAPSHOT.jar;C:\Users\reborn\.m2\repository\org\springframework\boot\spring-boot-starter-logging\1.5.18.BUILD-SNAPSHOT\spring-boot-starter-logging-1.5.18.BUILD-SNAPSHOT.jar;C:\Users\reborn\.m2\repository\ch\qos\logback\logback-classic\1.1.11\logback-classic-1.1.11.jar;C:\Users\reborn\.m2\repository\ch\qos\logback\logback-core\1.1.11\logback-core-1.1.11.jar;C:\Users\reborn\.m2\repository\org\slf4j\log4j-over-slf4j\1.7.25\log4j-over-slf4j-1.7.25.jar;C:\Users\reborn\.m2\repository\org\yaml\snakeyaml\1.17\snakeyaml-1.17.jar;C:\Users\reborn\.m2\repository\org\springframework\boot\spring-boot-starter-thymeleaf\1.5.18.BUILD-SNAPSHOT\spring-boot-starter-thymeleaf-1.5.18.BUILD-SNAPSHOT.jar;C:\Users\reborn\.m2\repository\org\thymeleaf\thymeleaf-spring4\2.1.6.RELEASE\thymeleaf-spring4-2.1.6.RELEASE.jar;C:\Users\reborn\.m2\repository\org\thymeleaf\thymeleaf\2.1.6.RELEASE\thymeleaf-2.1.6.RELEASE.jar;C:\Users\reborn\.m2\repository\ognl\ognl\3.0.8\ognl-3.0.8.jar;C:\Users\reborn\.m2\repository\org\unbescape\unbescape\1.1.0.RELEASE\unbescape-1.1.0.RELEASE.jar;C:\Users\reborn\.m2\repository\nz\net\ultraq\thymeleaf\thymeleaf-layout-dialect\1.4.0\thymeleaf-layout-dialect-1.4.0.jar;C:\Users\reborn\.m2\repository\org\codehaus\groovy\groovy\2.4.15\groovy-2.4.15.jar;C:\Users\reborn\.m2\repository\org\mybatis\spring\boot\mybatis-spring-boot-starter\1.3.0\mybatis-spring-boot-starter-1.3.0.jar;C:\Users\reborn\.m2\repository\org\springframework\boot\spring-boot-starter-jdbc\1.5.18.BUILD-SNAPSHOT\spring-boot-starter-jdbc-1.5.18.BUILD-SNAPSHOT.jar;C:\Users\reborn\.m2\repository\org\apache\tomcat\tomcat-jdbc\8.5.35\tomcat-jdbc-8.5.35.jar;C:\Users\reborn\.m2\repository\org\apache\tomcat\tomcat-juli\8.5.35\tomcat-juli-8.5.35.jar;C:\Users\reborn\.m2\repository\org\springframework\spring-jdbc\4.3.21.RELEASE\spring-jdbc-4.3.21.RELEASE.jar;C:\Users\reborn\.m2\repository\org\mybatis\spring\boot\mybatis-spring-boot-autoconfigure\1.3.0\mybatis-spring-boot-autoconfigure-1.3.0.jar;C:\Users\reborn\.m2\repository\org\mybatis\mybatis\3.4.4\mybatis-3.4.4.jar;C:\Users\reborn\.m2\repository\org\mybatis\mybatis-spring\1.3.1\mybatis-spring-1.3.1.jar;C:\Users\reborn\.m2\repository\com\github\pagehelper\pagehelper\5.1.2\pagehelper-5.1.2.jar;C:\Users\reborn\.m2\repository\com\github\jsqlparser\jsqlparser\1.0\jsqlparser-1.0.jar;C:\Users\reborn\.m2\repository\com\github\pagehelper\pagehelper-spring-boot-autoconfigure\1.2.5\pagehelper-spring-boot-autoconfigure-1.2.5.jar;C:\Users\reborn\.m2\repository\com\github\pagehelper\pagehelper-spring-boot-starter\1.2.5\pagehelper-spring-boot-starter-1.2.5.jar;C:\Users\reborn\.m2\repository\tk\mybatis\mapper-spring-boot-starter\1.2.4\mapper-spring-boot-starter-1.2.4.jar;C:\Users\reborn\.m2\repository\tk\mybatis\mapper-spring-boot-autoconfigure\1.2.4\mapper-spring-boot-autoconfigure-1.2.4.jar;C:\Users\reborn\.m2\repository\tk\mybatis\mapper\3.5.3\mapper-3.5.3.jar;C:\Users\reborn\.m2\repository\javax\persistence\persistence-api\1.0\persistence-api-1.0.jar;C:\Users\reborn\.m2\repository\com\alibaba\druid\1.1.9\druid-1.1.9.jar;C:\Users\reborn\.m2\repository\org\springframework\boot\spring-boot-starter-log4j\1.3.8.RELEASE\spring-boot-starter-log4j-1.3.8.RELEASE.jar;C:\Users\reborn\.m2\repository\org\slf4j\jcl-over-slf4j\1.7.25\jcl-over-slf4j-1.7.25.jar;C:\Users\reborn\.m2\repository\org\slf4j\jul-to-slf4j\1.7.25\jul-to-slf4j-1.7.25.jar;C:\Users\reborn\.m2\repository\org\slf4j\slf4j-log4j12\1.7.25\slf4j-log4j12-1.7.25.jar;C:\Users\reborn\.m2\repository\log4j\log4j\1.2.17\log4j-1.2.17.jar;C:\Users\reborn\.m2\repository\org\mybatis\generator\mybatis-generator-core\1.3.2\mybatis-generator-core-1.3.2.jar;C:\Users\reborn\.m2\repository\commons-io\commons-io\2.6\commons-io-2.6.jar;C:\Users\reborn\.m2\repository\redis\clients\jedis\2.9.0\jedis-2.9.0.jar;C:\Users\reborn\.m2\repository\org\apache\commons\commons-pool2\2.4.3\commons-pool2-2.4.3.jar;C:\Users\reborn\.m2\repository\org\springframework\boot\spring-boot-starter-data-redis\1.5.18.BUILD-SNAPSHOT\spring-boot-starter-data-redis-1.5.18.BUILD-SNAPSHOT.jar;C:\Users\reborn\.m2\repository\org\springframework\data\spring-data-redis\1.8.17.RELEASE\spring-data-redis-1.8.17.RELEASE.jar;C:\Users\reborn\.m2\repository\org\springframework\data\spring-data-keyvalue\1.2.17.RELEASE\spring-data-keyvalue-1.2.17.RELEASE.jar;C:\Users\reborn\.m2\repository\org\springframework\data\spring-data-commons\1.13.17.RELEASE\spring-data-commons-1.13.17.RELEASE.jar;C:\Users\reborn\.m2\repository\org\springframework\spring-tx\4.3.21.RELEASE\spring-tx-4.3.21.RELEASE.jar;C:\Users\reborn\.m2\repository\org\springframework\spring-oxm\4.3.21.RELEASE\spring-oxm-4.3.21.RELEASE.jar;C:\Users\reborn\.m2\repository\org\springframework\spring-context-support\4.3.21.RELEASE\spring-context-support-4.3.21.RELEASE.jar;, java.specification.name=Java Platform API Specification, java.class.version=52.0, sun.management.compiler=HotSpot 64-Bit Tiered Compilers, os.version=10.0, user.home=C:\Users\reborn, user.timezone=Asia/Shanghai, java.awt.printerjob=sun.awt.windows.WPrinterJob, file.encoding=GBK, java.specification.version=1.8, java.class.path=H:\showlife\show-videos\scetc-show-videos-admin\target\test-classes;H:\showlife\show-videos\scetc-show-videos-admin\target\classes;C:\Users\reborn\.m2\repository\org\apache\httpcomponents\httpclient\4.5.6\httpclient-4.5.6.jar;C:\Users\reborn\.m2\repository\org\apache\httpcomponents\httpcore\4.4.10\httpcore-4.4.10.jar;C:\Users\reborn\.m2\repository\commons-codec\commons-codec\1.10\commons-codec-1.10.jar;C:\Users\reborn\.m2\repository\org\springframework\boot\spring-boot-starter-test\1.5.18.BUILD-SNAPSHOT\spring-boot-starter-test-1.5.18.BUILD-SNAPSHOT.jar;C:\Users\reborn\.m2\repository\org\springframework\boot\spring-boot-test\1.5.18.BUILD-SNAPSHOT\spring-boot-test-1.5.18.BUILD-SNAPSHOT.jar;C:\Users\reborn\.m2\repository\org\springframework\boot\spring-boot-test-autoconfigure\1.5.18.BUILD-SNAPSHOT\spring-boot-test-autoconfigure-1.5.18.BUILD-SNAPSHOT.jar;C:\Users\reborn\.m2\repository\com\jayway\jsonpath\json-path\2.2.0\json-path-2.2.0.jar;C:\Users\reborn\.m2\repository\net\minidev\json-smart\2.2.1\json-smart-2.2.1.jar;C:\Users\reborn\.m2\repository\net\minidev\accessors-smart\1.1\accessors-smart-1.1.jar;C:\Users\reborn\.m2\repository\org\ow2\asm\asm\5.0.3\asm-5.0.3.jar;C:\Users\reborn\.m2\repository\junit\junit\4.12\junit-4.12.jar;C:\Users\reborn\.m2\repository\org\assertj\assertj-core\2.6.0\assertj-core-2.6.0.jar;C:\Users\reborn\.m2\repository\org\mockito\mockito-core\1.10.19\mockito-core-1.10.19.jar;C:\Users\reborn\.m2\repository\org\objenesis\objenesis\2.1\objenesis-2.1.jar;C:\Users\reborn\.m2\repository\org\hamcrest\hamcrest-core\1.3\hamcrest-core-1.3.jar;C:\Users\reborn\.m2\repository\org\hamcrest\hamcrest-library\1.3\hamcrest-library-1.3.jar;C:\Users\reborn\.m2\repository\org\skyscreamer\jsonassert\1.4.0\jsonassert-1.4.0.jar;C:\Users\reborn\.m2\repository\com\vaadin\external\google\android-json\0.0.20131108.vaadin1\android-json-0.0.20131108.vaadin1.jar;C:\Users\reborn\.m2\repository\org\springframework\spring-core\4.3.21.RELEASE\spring-core-4.3.21.RELEASE.jar;C:\Users\reborn\.m2\repository\org\springframework\spring-test\4.3.21.RELEASE\spring-test-4.3.21.RELEASE.jar;C:\Users\reborn\.m2\repository\javax\servlet\javax.servlet-api\3.1.0\javax.servlet-api-3.1.0.jar;C:\Users\reborn\.m2\repository\org\apache\maven\plugins\maven-resources-plugin\2.6\maven-resources-plugin-2.6.jar;C:\Users\reborn\.m2\repository\org\apache\maven\maven-plugin-api\2.0.6\maven-plugin-api-2.0.6.jar;C:\Users\reborn\.m2\repository\org\apache\maven\maven-project\2.0.6\maven-project-2.0.6.jar;C:\Users\reborn\.m2\repository\org\apache\maven\maven-profile\2.0.6\maven-profile-2.0.6.jar;C:\Users\reborn\.m2\repository\org\apache\maven\maven-artifact-manager\2.0.6\maven-artifact-manager-2.0.6.jar;C:\Users\reborn\.m2\repository\org\apache\maven\maven-plugin-registry\2.0.6\maven-plugin-registry-2.0.6.jar;C:\Users\reborn\.m2\repository\org\apache\maven\maven-core\2.0.6\maven-core-2.0.6.jar;C:\Users\reborn\.m2\repository\org\apache\maven\wagon\wagon-file\1.0-beta-2\wagon-file-1.0-beta-2.jar;C:\Users\reborn\.m2\repository\org\apache\maven\maven-plugin-parameter-documenter\2.0.6\maven-plugin-parameter-documenter-2.0.6.jar;C:\Users\reborn\.m2\repository\org\apache\maven\wagon\wagon-http-lightweight\1.0-beta-2\wagon-http-lightweight-1.0-beta-2.jar;C:\Users\reborn\.m2\repository\org\apache\maven\wagon\wagon-http-shared\1.0-beta-2\wagon-http-shared-1.0-beta-2.jar;C:\Users\reborn\.m2\repository\jtidy\jtidy\4aug2000r7-dev\jtidy-4aug2000r7-dev.jar;C:\Users\reborn\.m2\repository\xml-apis\xml-apis\1.4.01\xml-apis-1.4.01.jar;C:\Users\reborn\.m2\repository\org\apache\maven\reporting\maven-reporting-api\2.0.6\maven-reporting-api-2.0.6.jar;C:\Users\reborn\.m2\repository\org\apache\maven\doxia\doxia-sink-api\1.0-alpha-7\doxia-sink-api-1.0-alpha-7.jar;C:\Users\reborn\.m2\repository\org\apache\maven\wagon\wagon-provider-api\1.0-beta-2\wagon-provider-api-1.0-beta-2.jar;C:\Users\reborn\.m2\repository\org\apache\maven\maven-repository-metadata\2.0.6\maven-repository-metadata-2.0.6.jar;C:\Users\reborn\.m2\repository\org\apache\maven\maven-error-diagnostics\2.0.6\maven-error-diagnostics-2.0.6.jar;C:\Users\reborn\.m2\repository\commons-cli\commons-cli\1.0\commons-cli-1.0.jar;C:\Users\reborn\.m2\repository\org\apache\maven\wagon\wagon-ssh-external\1.0-beta-2\wagon-ssh-external-1.0-beta-2.jar;C:\Users\reborn\.m2\repository\org\apache\maven\wagon\wagon-ssh-common\1.0-beta-2\wagon-ssh-common-1.0-beta-2.jar;C:\Users\reborn\.m2\repository\org\apache\maven\maven-plugin-descriptor\2.0.6\maven-plugin-descriptor-2.0.6.jar;C:\Users\reborn\.m2\repository\org\codehaus\plexus\plexus-interactivity-api\1.0-alpha-4\plexus-interactivity-api-1.0-alpha-4.jar;C:\Users\reborn\.m2\repository\org\apache\maven\wagon\wagon-ssh\1.0-beta-2\wagon-ssh-1.0-beta-2.jar;C:\Users\reborn\.m2\repository\com\jcraft\jsch\0.1.27\jsch-0.1.27.jar;C:\Users\reborn\.m2\repository\classworlds\classworlds\1.1\classworlds-1.1.jar;C:\Users\reborn\.m2\repository\org\apache\maven\maven-artifact\2.0.6\maven-artifact-2.0.6.jar;C:\Users\reborn\.m2\repository\org\apache\maven\maven-settings\2.0.6\maven-settings-2.0.6.jar;C:\Users\reborn\.m2\repository\org\apache\maven\maven-model\2.0.6\maven-model-2.0.6.jar;C:\Users\reborn\.m2\repository\org\apache\maven\maven-monitor\2.0.6\maven-monitor-2.0.6.jar;C:\Users\reborn\.m2\repository\org\codehaus\plexus\plexus-container-default\1.0-alpha-9-stable-1\plexus-container-default-1.0-alpha-9-stable-1.jar;C:\Users\reborn\.m2\repository\org\codehaus\plexus\plexus-utils\2.0.5\plexus-utils-2.0.5.jar;C:\Users\reborn\.m2\repository\org\apache\maven\shared\maven-filtering\1.1\maven-filtering-1.1.jar;C:\Users\reborn\.m2\repository\org\sonatype\plexus\plexus-build-api\0.0.4\plexus-build-api-0.0.4.jar;C:\Users\reborn\.m2\repository\org\codehaus\plexus\plexus-interpolation\1.13\plexus-interpolation-1.13.jar;C:\Users\reborn\.m2\repository\org\springframework\boot\spring-boot-starter-aop\1.5.18.BUILD-SNAPSHOT\spring-boot-starter-aop-1.5.18.BUILD-SNAPSHOT.jar;C:\Users\reborn\.m2\repository\org\springframework\spring-aop\4.3.21.RELEASE\spring-aop-4.3.21.RELEASE.jar;C:\Users\reborn\.m2\repository\org\springframework\spring-beans\4.3.21.RELEASE\spring-beans-4.3.21.RELEASE.jar;C:\Users\reborn\.m2\repository\org\aspectj\aspectjweaver\1.8.13\aspectjweaver-1.8.13.jar;C:\Users\reborn\.m2\repository\commons-lang\commons-lang\2.6\commons-lang-2.6.jar;C:\Users\reborn\.m2\repository\org\springframework\boot\spring-boot-devtools\1.5.18.BUILD-SNAPSHOT\spring-boot-devtools-1.5.18.BUILD-SNAPSHOT.jar;C:\Users\reborn\.m2\repository\org\springframework\boot\spring-boot\1.5.18.BUILD-SNAPSHOT\spring-boot-1.5.18.BUILD-SNAPSHOT.jar;C:\Users\reborn\.m2\repository\org\springframework\spring-context\4.3.21.RELEASE\spring-context-4.3.21.RELEASE.jar;C:\Users\reborn\.m2\repository\org\springframework\boot\spring-boot-autoconfigure\1.5.18.BUILD-SNAPSHOT\spring-boot-autoconfigure-1.5.18.BUILD-SNAPSHOT.jar;C:\Users\reborn\.m2\repository\org\springframework\boot\spring-boot-starter-web\1.5.18.BUILD-SNAPSHOT\spring-boot-starter-web-1.5.18.BUILD-SNAPSHOT.jar;C:\Users\reborn\.m2\repository\org\springframework\boot\spring-boot-starter-tomcat\1.5.18.BUILD-SNAPSHOT\spring-boot-starter-tomcat-1.5.18.BUILD-SNAPSHOT.jar;C:\Users\reborn\.m2\repository\org\apache\tomcat\embed\tomcat-embed-core\8.5.35\tomcat-embed-core-8.5.35.jar;C:\Users\reborn\.m2\repository\org\apache\tomcat\tomcat-annotations-api\8.5.35\tomcat-annotations-api-8.5.35.jar;C:\Users\reborn\.m2\repository\org\apache\tomcat\embed\tomcat-embed-el\8.5.35\tomcat-embed-el-8.5.35.jar;C:\Users\reborn\.m2\repository\org\apache\tomcat\embed\tomcat-embed-websocket\8.5.35\tomcat-embed-websocket-8.5.35.jar;C:\Users\reborn\.m2\repository\org\hibernate\hibernate-validator\5.3.6.Final\hibernate-validator-5.3.6.Final.jar;C:\Users\reborn\.m2\repository\javax\validation\validation-api\1.1.0.Final\validation-api-1.1.0.Final.jar;C:\Users\reborn\.m2\repository\org\jboss\logging\jboss-logging\3.3.2.Final\jboss-logging-3.3.2.Final.jar;C:\Users\reborn\.m2\repository\com\fasterxml\jackson\core\jackson-databind\2.8.11.3\jackson-databind-2.8.11.3.jar;C:\Users\reborn\.m2\repository\org\springframework\spring-web\4.3.21.RELEASE\spring-web-4.3.21.RELEASE.jar;C:\Users\reborn\.m2\repository\org\springframework\spring-webmvc\4.3.21.RELEASE\spring-webmvc-4.3.21.RELEASE.jar;C:\Users\reborn\.m2\repository\org\springframework\spring-expression\4.3.21.RELEASE\spring-expression-4.3.21.RELEASE.jar;C:\Users\reborn\.m2\repository\org\apache\commons\commons-email\1.4\commons-email-1.4.jar;C:\Users\reborn\.m2\repository\com\sun\mail\javax.mail\1.5.6\javax.mail-1.5.6.jar;C:\Users\reborn\.m2\repository\javax\activation\activation\1.1.1\activation-1.1.1.jar;C:\Users\reborn\.m2\repository\com\netflix\eureka\eureka-client\1.9.5\eureka-client-1.9.5.jar;C:\Users\reborn\.m2\repository\org\codehaus\jettison\jettison\1.3.7\jettison-1.3.7.jar;C:\Users\reborn\.m2\repository\stax\stax-api\1.0.1\stax-api-1.0.1.jar;C:\Users\reborn\.m2\repository\com\netflix\netflix-commons\netflix-eventbus\0.3.0\netflix-eventbus-0.3.0.jar;C:\Users\reborn\.m2\repository\com\netflix\netflix-commons\netflix-infix\0.3.0\netflix-infix-0.3.0.jar;C:\Users\reborn\.m2\repository\commons-jxpath\commons-jxpath\1.3\commons-jxpath-1.3.jar;C:\Users\reborn\.m2\repository\joda-time\joda-time\2.9.9\joda-time-2.9.9.jar;C:\Users\reborn\.m2\repository\javax\servlet\servlet-api\2.5\servlet-api-2.5.jar;C:\Users\reborn\.m2\repository\org\antlr\antlr-runtime\3.4\antlr-runtime-3.4.jar;C:\Users\reborn\.m2\repository\org\antlr\stringtemplate\3.2.1\stringtemplate-3.2.1.jar;C:\Users\reborn\.m2\repository\antlr\antlr\2.7.7\antlr-2.7.7.jar;C:\Users\reborn\.m2\repository\com\google\code\gson\gson\2.8.5\gson-2.8.5.jar;C:\Users\reborn\.m2\repository\org\apache\commons\commons-math\2.2\commons-math-2.2.jar;C:\Users\reborn\.m2\repository\com\thoughtworks\xstream\xstream\1.4.10\xstream-1.4.10.jar;C:\Users\reborn\.m2\repository\xmlpull\xmlpull\1.1.3.1\xmlpull-1.1.3.1.jar;C:\Users\reborn\.m2\repository\xpp3\xpp3_min\1.1.4c\xpp3_min-1.1.4c.jar;C:\Users\reborn\.m2\repository\com\netflix\archaius\archaius-core\0.7.6\archaius-core-0.7.6.jar;C:\Users\reborn\.m2\repository\com\google\code\findbugs\jsr305\3.0.1\jsr305-3.0.1.jar;C:\Users\reborn\.m2\repository\commons-configuration\commons-configuration\1.8\commons-configuration-1.8.jar;C:\Users\reborn\.m2\repository\commons-logging\commons-logging\1.1.1\commons-logging-1.1.1.jar;C:\Users\reborn\.m2\repository\javax\ws\rs\jsr311-api\1.1.1\jsr311-api-1.1.1.jar;C:\Users\reborn\.m2\repository\com\netflix\servo\servo-core\0.12.21\servo-core-0.12.21.jar;C:\Users\reborn\.m2\repository\com\sun\jersey\jersey-core\1.19.1\jersey-core-1.19.1.jar;C:\Users\reborn\.m2\repository\com\sun\jersey\jersey-client\1.19.1\jersey-client-1.19.1.jar;C:\Users\reborn\.m2\repository\com\sun\jersey\contribs\jersey-apache-client4\1.19.1\jersey-apache-client4-1.19.1.jar;C:\Users\reborn\.m2\repository\com\google\inject\guice\4.1.0\guice-4.1.0.jar;C:\Users\reborn\.m2\repository\javax\inject\javax.inject\1\javax.inject-1.jar;C:\Users\reborn\.m2\repository\aopalliance\aopalliance\1.0\aopalliance-1.0.jar;C:\Users\reborn\.m2\repository\com\github\vlsi\compactmap\compactmap\1.2.1\compactmap-1.2.1.jar;C:\Users\reborn\.m2\repository\com\github\andrewoma\dexx\dexx-collections\0.2\dexx-collections-0.2.jar;C:\Users\reborn\.m2\repository\com\fasterxml\jackson\core\jackson-annotations\2.8.0\jackson-annotations-2.8.0.jar;C:\Users\reborn\.m2\repository\com\fasterxml\jackson\core\jackson-core\2.8.11\jackson-core-2.8.11.jar;C:\Users\reborn\.m2\repository\io\springfox\springfox-swagger2\2.8.0\springfox-swagger2-2.8.0.jar;C:\Users\reborn\.m2\repository\io\swagger\swagger-annotations\1.5.14\swagger-annotations-1.5.14.jar;C:\Users\reborn\.m2\repository\io\swagger\swagger-models\1.5.14\swagger-models-1.5.14.jar;C:\Users\reborn\.m2\repository\io\springfox\springfox-spi\2.8.0\springfox-spi-2.8.0.jar;C:\Users\reborn\.m2\repository\io\springfox\springfox-core\2.8.0\springfox-core-2.8.0.jar;C:\Users\reborn\.m2\repository\net\bytebuddy\byte-buddy\1.7.9\byte-buddy-1.7.9.jar;C:\Users\reborn\.m2\repository\io\springfox\springfox-schema\2.8.0\springfox-schema-2.8.0.jar;C:\Users\reborn\.m2\repository\io\springfox\springfox-swagger-common\2.8.0\springfox-swagger-common-2.8.0.jar;C:\Users\reborn\.m2\repository\io\springfox\springfox-spring-web\2.8.0\springfox-spring-web-2.8.0.jar;C:\Users\reborn\.m2\repository\org\reflections\reflections\0.9.11\reflections-0.9.11.jar;C:\Users\reborn\.m2\repository\org\javassist\javassist\3.21.0-GA\javassist-3.21.0-GA.jar;C:\Users\reborn\.m2\repository\com\google\guava\guava\20.0\guava-20.0.jar;C:\Users\reborn\.m2\repository\com\fasterxml\classmate\1.3.4\classmate-1.3.4.jar;C:\Users\reborn\.m2\repository\org\slf4j\slf4j-api\1.7.25\slf4j-api-1.7.25.jar;C:\Users\reborn\.m2\repository\org\springframework\plugin\spring-plugin-core\1.2.0.RELEASE\spring-plugin-core-1.2.0.RELEASE.jar;C:\Users\reborn\.m2\repository\org\springframework\plugin\spring-plugin-metadata\1.2.0.RELEASE\spring-plugin-metadata-1.2.0.RELEASE.jar;C:\Users\reborn\.m2\repository\org\mapstruct\mapstruct\1.2.0.Final\mapstruct-1.2.0.Final.jar;C:\Users\reborn\.m2\repository\io\springfox\springfox-swagger-ui\2.8.0\springfox-swagger-ui-2.8.0.jar;C:\Users\reborn\.m2\repository\org\springframework\cloud\spring-cloud-config-client\1.3.0.RELEASE\spring-cloud-config-client-1.3.0.RELEASE.jar;C:\Users\reborn\.m2\repository\org\springframework\cloud\spring-cloud-commons\1.2.0.RELEASE\spring-cloud-commons-1.2.0.RELEASE.jar;C:\Users\reborn\.m2\repository\org\springframework\security\spring-security-crypto\4.2.10.RELEASE\spring-security-crypto-4.2.10.RELEASE.jar;C:\Users\reborn\.m2\repository\org\springframework\cloud\spring-cloud-context\1.2.0.RELEASE\spring-cloud-context-1.2.0.RELEASE.jar;C:\Users\reborn\.m2\repository\mysql\mysql-connector-java\5.1.47\mysql-connector-java-5.1.47.jar;C:\Users\reborn\.m2\repository\org\springframework\boot\spring-boot-configuration-processor\1.5.18.BUILD-SNAPSHOT\spring-boot-configuration-processor-1.5.18.BUILD-SNAPSHOT.jar;C:\Users\reborn\.m2\repository\org\springframework\boot\spring-boot-starter\1.5.18.BUILD-SNAPSHOT\spring-boot-starter-1.5.18.BUILD-SNAPSHOT.jar;C:\Users\reborn\.m2\repository\org\springframework\boot\spring-boot-starter-logging\1.5.18.BUILD-SNAPSHOT\spring-boot-starter-logging-1.5.18.BUILD-SNAPSHOT.jar;C:\Users\reborn\.m2\repository\ch\qos\logback\logback-classic\1.1.11\logback-classic-1.1.11.jar;C:\Users\reborn\.m2\repository\ch\qos\logback\logback-core\1.1.11\logback-core-1.1.11.jar;C:\Users\reborn\.m2\repository\org\slf4j\log4j-over-slf4j\1.7.25\log4j-over-slf4j-1.7.25.jar;C:\Users\reborn\.m2\repository\org\yaml\snakeyaml\1.17\snakeyaml-1.17.jar;C:\Users\reborn\.m2\repository\org\springframework\boot\spring-boot-starter-thymeleaf\1.5.18.BUILD-SNAPSHOT\spring-boot-starter-thymeleaf-1.5.18.BUILD-SNAPSHOT.jar;C:\Users\reborn\.m2\repository\org\thymeleaf\thymeleaf-spring4\2.1.6.RELEASE\thymeleaf-spring4-2.1.6.RELEASE.jar;C:\Users\reborn\.m2\repository\org\thymeleaf\thymeleaf\2.1.6.RELEASE\thymeleaf-2.1.6.RELEASE.jar;C:\Users\reborn\.m2\repository\ognl\ognl\3.0.8\ognl-3.0.8.jar;C:\Users\reborn\.m2\repository\org\unbescape\unbescape\1.1.0.RELEASE\unbescape-1.1.0.RELEASE.jar;C:\Users\reborn\.m2\repository\nz\net\ultraq\thymeleaf\thymeleaf-layout-dialect\1.4.0\thymeleaf-layout-dialect-1.4.0.jar;C:\Users\reborn\.m2\repository\org\codehaus\groovy\groovy\2.4.15\groovy-2.4.15.jar;C:\Users\reborn\.m2\repository\org\mybatis\spring\boot\mybatis-spring-boot-starter\1.3.0\mybatis-spring-boot-starter-1.3.0.jar;C:\Users\reborn\.m2\repository\org\springframework\boot\spring-boot-starter-jdbc\1.5.18.BUILD-SNAPSHOT\spring-boot-starter-jdbc-1.5.18.BUILD-SNAPSHOT.jar;C:\Users\reborn\.m2\repository\org\apache\tomcat\tomcat-jdbc\8.5.35\tomcat-jdbc-8.5.35.jar;C:\Users\reborn\.m2\repository\org\apache\tomcat\tomcat-juli\8.5.35\tomcat-juli-8.5.35.jar;C:\Users\reborn\.m2\repository\org\springframework\spring-jdbc\4.3.21.RELEASE\spring-jdbc-4.3.21.RELEASE.jar;C:\Users\reborn\.m2\repository\org\mybatis\spring\boot\mybatis-spring-boot-autoconfigure\1.3.0\mybatis-spring-boot-autoconfigure-1.3.0.jar;C:\Users\reborn\.m2\repository\org\mybatis\mybatis\3.4.4\mybatis-3.4.4.jar;C:\Users\reborn\.m2\repository\org\mybatis\mybatis-spring\1.3.1\mybatis-spring-1.3.1.jar;C:\Users\reborn\.m2\repository\com\github\pagehelper\pagehelper\5.1.2\pagehelper-5.1.2.jar;C:\Users\reborn\.m2\repository\com\github\jsqlparser\jsqlparser\1.0\jsqlparser-1.0.jar;C:\Users\reborn\.m2\repository\com\github\pagehelper\pagehelper-spring-boot-autoconfigure\1.2.5\pagehelper-spring-boot-autoconfigure-1.2.5.jar;C:\Users\reborn\.m2\repository\com\github\pagehelper\pagehelper-spring-boot-starter\1.2.5\pagehelper-spring-boot-starter-1.2.5.jar;C:\Users\reborn\.m2\repository\tk\mybatis\mapper-spring-boot-starter\1.2.4\mapper-spring-boot-starter-1.2.4.jar;C:\Users\reborn\.m2\repository\tk\mybatis\mapper-spring-boot-autoconfigure\1.2.4\mapper-spring-boot-autoconfigure-1.2.4.jar;C:\Users\reborn\.m2\repository\tk\mybatis\mapper\3.5.3\mapper-3.5.3.jar;C:\Users\reborn\.m2\repository\javax\persistence\persistence-api\1.0\persistence-api-1.0.jar;C:\Users\reborn\.m2\repository\com\alibaba\druid\1.1.9\druid-1.1.9.jar;C:\Users\reborn\.m2\repository\org\springframework\boot\spring-boot-starter-log4j\1.3.8.RELEASE\spring-boot-starter-log4j-1.3.8.RELEASE.jar;C:\Users\reborn\.m2\repository\org\slf4j\jcl-over-slf4j\1.7.25\jcl-over-slf4j-1.7.25.jar;C:\Users\reborn\.m2\repository\org\slf4j\jul-to-slf4j\1.7.25\jul-to-slf4j-1.7.25.jar;C:\Users\reborn\.m2\repository\org\slf4j\slf4j-log4j12\1.7.25\slf4j-log4j12-1.7.25.jar;C:\Users\reborn\.m2\repository\log4j\log4j\1.2.17\log4j-1.2.17.jar;C:\Users\reborn\.m2\repository\org\mybatis\generator\mybatis-generator-core\1.3.2\mybatis-generator-core-1.3.2.jar;C:\Users\reborn\.m2\repository\commons-io\commons-io\2.6\commons-io-2.6.jar;C:\Users\reborn\.m2\repository\redis\clients\jedis\2.9.0\jedis-2.9.0.jar;C:\Users\reborn\.m2\repository\org\apache\commons\commons-pool2\2.4.3\commons-pool2-2.4.3.jar;C:\Users\reborn\.m2\repository\org\springframework\boot\spring-boot-starter-data-redis\1.5.18.BUILD-SNAPSHOT\spring-boot-starter-data-redis-1.5.18.BUILD-SNAPSHOT.jar;C:\Users\reborn\.m2\repository\org\springframework\data\spring-data-redis\1.8.17.RELEASE\spring-data-redis-1.8.17.RELEASE.jar;C:\Users\reborn\.m2\repository\org\springframework\data\spring-data-keyvalue\1.2.17.RELEASE\spring-data-keyvalue-1.2.17.RELEASE.jar;C:\Users\reborn\.m2\repository\org\springframework\data\spring-data-commons\1.13.17.RELEASE\spring-data-commons-1.13.17.RELEASE.jar;C:\Users\reborn\.m2\repository\org\springframework\spring-tx\4.3.21.RELEASE\spring-tx-4.3.21.RELEASE.jar;C:\Users\reborn\.m2\repository\org\springframework\spring-oxm\4.3.21.RELEASE\spring-oxm-4.3.21.RELEASE.jar;C:\Users\reborn\.m2\repository\org\springframework\spring-context-support\4.3.21.RELEASE\spring-context-support-4.3.21.RELEASE.jar;, user.name=reborn, java.vm.specification.version=1.8, sun.java.command=H:\showlife\show-videos\scetc-show-videos-admin\target\surefire\surefirebooter1626821024148785399.jar H:\showlife\show-videos\scetc-show-videos-admin\target\surefire\surefire2741285581113069181tmp H:\showlife\show-videos\scetc-show-videos-admin\target\surefire\surefire_01360264112363884252tmp, java.home=C:\Program Files\Java\jdk1.8.0_121\jre, sun.arch.data.model=64, user.language=zh, java.specification.vendor=Oracle Corporation, awt.toolkit=sun.awt.windows.WToolkit, java.vm.info=mixed mode, java.version=1.8.0_121, java.ext.dirs=C:\Program Files\Java\jdk1.8.0_121\jre\lib\ext;C:\Windows\Sun\Java\lib\ext, sun.boot.class.path=C:\Program Files\Java\jdk1.8.0_121\jre\lib\resources.jar;C:\Program Files\Java\jdk1.8.0_121\jre\lib\rt.jar;C:\Program Files\Java\jdk1.8.0_121\jre\lib\sunrsasign.jar;C:\Program Files\Java\jdk1.8.0_121\jre\lib\jsse.jar;C:\Program Files\Java\jdk1.8.0_121\jre\lib\jce.jar;C:\Program Files\Java\jdk1.8.0_121\jre\lib\charsets.jar;C:\Program Files\Java\jdk1.8.0_121\jre\lib\jfr.jar;C:\Program Files\Java\jdk1.8.0_121\jre\classes, java.vendor=Oracle Corporation, localRepository=C:\Users\reborn\.m2\repository, file.separator=\, java.vendor.url.bug=http://bugreport.sun.com/bugreport/, sun.io.unicode.encoding=UnicodeLittle, sun.cpu.endian=little, sun.desktop=windows, sun.cpu.isalist=amd64}}, SystemEnvironmentPropertySource@1037854997 {name='systemEnvironment', properties={PATH=C:/Program Files/Java/jre1.8.0_201/bin/server;C:/Program Files/Java/jre1.8.0_201/bin;C:/Program Files/Java/jre1.8.0_201/lib/amd64;C:\Program Files (x86)\Common Files\Oracle\Java\javapath;C:\ProgramData\Oracle\Java\javapath;C:\Windows\system32;C:\Windows;C:\Windows\System32\Wbem;C:\Windows\System32\WindowsPowerShell\v1.0\;;C:\Program Files\Java\jdk1.8.0_121\bin;C:\Program Files\Java\jdk1.8.0_121\jre\bin;F:\springsts\sts-bundle\sts-3.9.6.RELEASE;, USERDOMAIN_ROAMINGPROFILE=DESKTOP-80O3GQ7, LOCALAPPDATA=C:\Users\reborn\AppData\Local, PROCESSOR_LEVEL=6, SYSTEMDRIVE=C:, COMMONPROGRAMFILES(X86)=C:\Program Files (x86)\Common Files, USERDOMAIN=DESKTOP-80O3GQ7, LOGONSERVER=\\DESKTOP-80O3GQ7, JAVA_HOME=C:\Program Files\Java\jdk1.8.0_121, PROMPT=$P$G, SESSIONNAME=Console, ALLUSERSPROFILE=C:\ProgramData, PROGRAMFILES(X86)=C:\Program Files (x86), PROCESSOR_ARCHITECTURE=AMD64, PROGRAMFILES=C:\Program Files, =C:=C:\, APPDATA=C:\Users\reborn\AppData\Roaming, PSMODULEPATH=C:\Program Files\WindowsPowerShell\Modules;C:\Windows\system32\WindowsPowerShell\v1.0\Modules, PROGRAMW6432=C:\Program Files, PROGRAMDATA=C:\ProgramData, SYSTEMROOT=C:\Windows, USERNAME=reborn, PATHEXT=.COM;.EXE;.BAT;.CMD;.VBS;.VBE;.JS;.JSE;.WSF;.WSH;.MSC, OS=Windows_NT, COMMONPROGRAMW6432=C:\Program Files\Common Files, COMPUTERNAME=DESKTOP-80O3GQ7, COMMONPROGRAMFILES=C:\Program Files\Common Files, COMSPEC=C:\Windows\system32\cmd.exe, PROCESSOR_REVISION=5e03, CLASSPATH=.;C:\Program Files\Java\jdk1.8.0_121\lib;C:\Program Files\Java\jdk1.8.0_121\lib\dt.jar;C:\Program Files\Java\jdk1.8.0_121\lib\tools.jar, =H:=H:\showlife\show-videos\scetc-show-videos-admin, WINDIR=C:\Windows, HOMEPATH=\Users\reborn, TEMP=C:\Users\reborn\AppData\Local\Temp, HOMEDRIVE=C:, PROCESSOR_IDENTIFIER=Intel64 Family 6 Model 94 Stepping 3, GenuineIntel, USERPROFILE=C:\Users\reborn, TMP=C:\Users\reborn\AppData\Local\Temp, PUBLIC=C:\Users\Public, NUMBER_OF_PROCESSORS=8, =::=::\}}]
16:22:39.827 [main] DEBUG org.springframework.core.env.MutablePropertySources - Adding PropertySource 'inline' with highest search precedence
16:22:39.835 [main] DEBUG org.springframework.test.context.support.TestPropertySourceUtils - Adding inlined properties to environment: {spring.jmx.enabled=false, org.springframework.boot.test.context.SpringBootTestContextBootstrapper=true, server.port=-1}
16:22:39.835 [main] DEBUG org.springframework.core.env.StandardEnvironment - Adding PropertySource 'Inlined Test Properties' with highest search precedence
2019-01-24 16:22:40.548  INFO 5072 --- [           main] s.c.a.AnnotationConfigApplicationContext : Refreshing org.springframework.context.annotation.AnnotationConfigApplicationContext@b70da4c: startup date [Thu Jan 24 16:22:40 CST 2019]; root of context hierarchy
2019-01-24 16:22:40.789  INFO 5072 --- [           main] f.a.AutowiredAnnotationBeanPostProcessor : JSR-330 'javax.inject.Inject' annotation found and supported for autowiring
2019-01-24 16:22:40.842  INFO 5072 --- [           main] trationDelegate$BeanPostProcessorChecker : Bean 'configurationPropertiesRebinderAutoConfiguration' of type [org.springframework.cloud.autoconfigure.ConfigurationPropertiesRebinderAutoConfiguration$$EnhancerBySpringCGLIB$$821ed339] is not eligible for getting processed by all BeanPostProcessors (for example: not eligible for auto-proxying)

  .   ____          _            __ _ _
 /\\ / ___'_ __ _ _(_)_ __  __ _ \ \ \ \
( ( )\___ | '_ | '_| | '_ \/ _` | \ \ \ \
 \\/  ___)| |_)| | | | | || (_| |  ) ) ) )
  '  |____| .__|_| |_|_| |_\__, | / / / /
 =========|_|==============|___/=/_/_/_/
 :: Spring Boot ::  (v1.5.18.BUILD-SNAPSHOT)

2019-01-24 16:22:41.309  INFO 5072 --- [           main] c.c.c.ConfigServicePropertySourceLocator : Fetching config from server at: http://localhost:8888
2019-01-24 16:22:42.417  WARN 5072 --- [           main] c.c.c.ConfigServicePropertySourceLocator : Could not locate PropertySource: I/O error on GET request for "http://localhost:8888/some/default": Connection refused: connect; nested exception is java.net.ConnectException: Connection refused: connect
2019-01-24 16:22:42.423  INFO 5072 --- [           main] a.s.ScetcShowVideosAdminApplicationTests : No active profile set, falling back to default profiles: default
2019-01-24 16:22:42.426  INFO 5072 --- [           main] o.s.w.c.s.GenericWebApplicationContext   : Refreshing org.springframework.web.context.support.GenericWebApplicationContext@27d57a2c: startup date [Thu Jan 24 16:22:42 CST 2019]; parent: org.springframework.context.annotation.AnnotationConfigApplicationContext@b70da4c
2019-01-24 16:22:43.224  INFO 5072 --- [           main] o.s.b.f.s.DefaultListableBeanFactory     : Overriding bean definition for bean 'demoInterceptor' with a different definition: replacing [Generic bean: class [com.show.admin.scetc.interceptor.DemoInterceptor]; scope=singleton; abstract=false; lazyInit=false; autowireMode=0; dependencyCheck=0; autowireCandidate=true; primary=false; factoryBeanName=null; factoryMethodName=null; initMethodName=null; destroyMethodName=null; defined in file [H:\showlife\show-videos\scetc-show-videos-admin\target\classes\com\show\admin\scetc\interceptor\DemoInterceptor.class]] with [Root bean: class [null]; scope=; abstract=false; lazyInit=false; autowireMode=3; dependencyCheck=0; autowireCandidate=true; primary=false; factoryBeanName=webMvcConfig; factoryMethodName=demoInterceptor; initMethodName=null; destroyMethodName=(inferred); defined in class path resource [com/show/admin/scetc/WebMvcConfig.class]]
2019-01-24 16:22:43.509  INFO 5072 --- [           main] .s.d.r.c.RepositoryConfigurationDelegate : Multiple Spring Data modules found, entering strict repository configuration mode!
2019-01-24 16:22:43.883  INFO 5072 --- [           main] o.s.cloud.context.scope.GenericScope     : BeanFactory id=64d13070-b359-318a-a608-3b0680654657
2019-01-24 16:22:43.980  INFO 5072 --- [           main] f.a.AutowiredAnnotationBeanPostProcessor : JSR-330 'javax.inject.Inject' annotation found and supported for autowiring
2019-01-24 16:22:44.122  INFO 5072 --- [           main] trationDelegate$BeanPostProcessorChecker : Bean 'org.springframework.transaction.annotation.ProxyTransactionManagementConfiguration' of type [org.springframework.transaction.annotation.ProxyTransactionManagementConfiguration$$EnhancerBySpringCGLIB$$6604d03c] is not eligible for getting processed by all BeanPostProcessors (for example: not eligible for auto-proxying)
2019-01-24 16:22:44.398  INFO 5072 --- [           main] trationDelegate$BeanPostProcessorChecker : Bean 'org.springframework.cloud.autoconfigure.ConfigurationPropertiesRebinderAutoConfiguration' of type [org.springframework.cloud.autoconfigure.ConfigurationPropertiesRebinderAutoConfiguration$$EnhancerBySpringCGLIB$$821ed339] is not eligible for getting processed by all BeanPostProcessors (for example: not eligible for auto-proxying)
2019-01-24 16:22:46.757  INFO 5072 --- [           main] s.w.s.m.m.a.RequestMappingHandlerMapping : Mapped "{[/adminUser/logout],methods=[POST]}" onto public com.show.admin.scetc.utils.XyfJsonResult com.show.admin.scetc.controller.AdminUserController.logout(javax.servlet.http.HttpServletRequest,javax.servlet.http.HttpServletResponse)
2019-01-24 16:22:46.759  INFO 5072 --- [           main] s.w.s.m.m.a.RequestMappingHandlerMapping : Mapped "{[/adminUser/login]}" onto public org.springframework.web.servlet.ModelAndView com.show.admin.scetc.controller.AdminUserController.login(javax.servlet.http.HttpServletRequest)
2019-01-24 16:22:46.760  INFO 5072 --- [           main] s.w.s.m.m.a.RequestMappingHandlerMapping : Mapped "{[/adminUser/forgetPassword]}" onto public java.lang.String com.show.admin.scetc.controller.AdminUserController.forgetPassword(javax.servlet.http.HttpServletRequest,javax.servlet.http.HttpServletResponse)
2019-01-24 16:22:46.760  INFO 5072 --- [           main] s.w.s.m.m.a.RequestMappingHandlerMapping : Mapped "{[/adminUser/loginSubmit],methods=[POST]}" onto public com.show.admin.scetc.utils.XyfJsonResult com.show.admin.scetc.controller.AdminUserController.loginSubmit(javax.servlet.http.HttpServletRequest,java.lang.String,java.lang.String,java.lang.String,org.springframework.ui.Model)
2019-01-24 16:22:46.761  INFO 5072 --- [           main] s.w.s.m.m.a.RequestMappingHandlerMapping : Mapped "{[/adminUser/queryAllAdminUser]}" onto public com.show.admin.scetc.utils.XyfJsonResult com.show.admin.scetc.controller.AdminUserController.queryAllAdminUser()
2019-01-24 16:22:46.762  INFO 5072 --- [           main] s.w.s.m.m.a.RequestMappingHandlerMapping : Mapped "{[/adminUser/changePasswordSubmit],methods=[POST]}" onto public com.show.admin.scetc.utils.XyfJsonResult com.show.admin.scetc.controller.AdminUserController.changePasswordSubmit(javax.servlet.http.HttpServletRequest,javax.servlet.http.HttpServletResponse,java.lang.String,java.lang.String,java.lang.String)
2019-01-24 16:22:46.763  INFO 5072 --- [           main] s.w.s.m.m.a.RequestMappingHandlerMapping : Mapped "{[/bgm/addSubmit.do],methods=[POST]}" onto public synchronized com.show.admin.scetc.utils.XyfJsonResult com.show.admin.scetc.controller.BgmController.uploadMulPic(javax.servlet.http.HttpServletRequest) throws java.lang.Exception
2019-01-24 16:22:46.763  INFO 5072 --- [           main] s.w.s.m.m.a.RequestMappingHandlerMapping : Mapped "{[/bgm/selectBgmList]}" onto public com.show.admin.scetc.utils.XyfJsonResult com.show.admin.scetc.controller.BgmController.selectBgmList(java.lang.String,java.lang.String,java.lang.Integer,java.lang.Integer)
2019-01-24 16:22:46.764  INFO 5072 --- [           main] s.w.s.m.m.a.RequestMappingHandlerMapping : Mapped "{[/bgm/updateBgm]}" onto public com.show.admin.scetc.utils.XyfJsonResult com.show.admin.scetc.controller.BgmController.updateBgm(java.lang.Long,java.lang.String,java.lang.String,java.lang.String)
2019-01-24 16:22:46.764  INFO 5072 --- [           main] s.w.s.m.m.a.RequestMappingHandlerMapping : Mapped "{[/bgm/selectResourceById],methods=[POST]}" onto public com.show.admin.scetc.utils.XyfJsonResult com.show.admin.scetc.controller.BgmController.selectResourceById(java.lang.Long)
2019-01-24 16:22:46.766  INFO 5072 --- [           main] s.w.s.m.m.a.RequestMappingHandlerMapping : Mapped "{[/category/add],methods=[POST]}" onto public com.show.admin.scetc.utils.XyfJsonResult com.show.admin.scetc.controller.CategoryController.add(java.lang.String,java.lang.String,org.springframework.web.multipart.MultipartFile)
2019-01-24 16:22:46.766  INFO 5072 --- [           main] s.w.s.m.m.a.RequestMappingHandlerMapping : Mapped "{[/category/queryAll],methods=[POST]}" onto public com.show.admin.scetc.utils.XyfJsonResult com.show.admin.scetc.controller.CategoryController.queryAll(java.lang.String,java.lang.String,java.lang.Integer,java.lang.Integer)
2019-01-24 16:22:46.766  INFO 5072 --- [           main] s.w.s.m.m.a.RequestMappingHandlerMapping : Mapped "{[/category/updateCategory],methods=[POST]}" onto public com.show.admin.scetc.utils.XyfJsonResult com.show.admin.scetc.controller.CategoryController.updateOne(java.lang.Long,java.lang.String,org.springframework.web.multipart.MultipartFile,java.lang.String,java.lang.String)
2019-01-24 16:22:46.767  INFO 5072 --- [           main] s.w.s.m.m.a.RequestMappingHandlerMapping : Mapped "{[/category/editById]}" onto public org.springframework.web.servlet.ModelAndView com.show.admin.scetc.controller.CategoryController.edit(java.lang.Long)
2019-01-24 16:22:46.767  INFO 5072 --- [           main] s.w.s.m.m.a.RequestMappingHandlerMapping : Mapped "{[/category/selectResourceById],methods=[POST]}" onto public com.show.admin.scetc.utils.XyfJsonResult com.show.admin.scetc.controller.CategoryController.selectResourceById(java.lang.Long)
2019-01-24 16:22:46.768  INFO 5072 --- [           main] s.w.s.m.m.a.RequestMappingHandlerMapping : Mapped "{[/test.do]}" onto public org.springframework.web.servlet.ModelAndView com.show.admin.scetc.controller.HelloController.modelAndView()
2019-01-24 16:22:46.768  INFO 5072 --- [           main] s.w.s.m.m.a.RequestMappingHandlerMapping : Mapped "{[/welcome]}" onto public java.lang.String com.show.admin.scetc.controller.HelloController.welcome()
2019-01-24 16:22:46.769  INFO 5072 --- [           main] s.w.s.m.m.a.RequestMappingHandlerMapping : Mapped "{[/index]}" onto public org.springframework.web.servlet.ModelAndView com.show.admin.scetc.controller.IndexController.index(javax.servlet.http.HttpServletRequest)
2019-01-24 16:22:46.770  INFO 5072 --- [           main] s.w.s.m.m.a.RequestMappingHandlerMapping : Mapped "{[/init]}" onto public com.show.admin.scetc.utils.XyfJsonResult com.show.admin.scetc.controller.IndexController.init()
2019-01-24 16:22:46.771  INFO 5072 --- [           main] s.w.s.m.m.a.RequestMappingHandlerMapping : Mapped "{[/404]}" onto public java.lang.String com.show.admin.scetc.controller.IndexController.notFoundPage()
2019-01-24 16:22:46.771  INFO 5072 --- [           main] s.w.s.m.m.a.RequestMappingHandlerMapping : Mapped "{[/]}" onto public org.springframework.web.servlet.ModelAndView com.show.admin.scetc.controller.IndexController.show(javax.servlet.http.HttpServletRequest)
2019-01-24 16:22:46.771  INFO 5072 --- [           main] s.w.s.m.m.a.RequestMappingHandlerMapping : Mapped "{[/500]}" onto public java.lang.String com.show.admin.scetc.controller.IndexController.errorPage()
2019-01-24 16:22:46.772  INFO 5072 --- [           main] s.w.s.m.m.a.RequestMappingHandlerMapping : Mapped "{[/log/queryAll],methods=[POST]}" onto public com.show.admin.scetc.utils.XyfJsonResult com.show.admin.scetc.controller.LogController.queryAll(java.lang.String,java.lang.String)
2019-01-24 16:22:46.774  INFO 5072 --- [           main] s.w.s.m.m.a.RequestMappingHandlerMapping : Mapped "{[/mybatis/add],methods=[POST]}" onto public java.lang.String com.show.admin.scetc.controller.MybatisController.add(javax.servlet.http.HttpServletRequest,java.lang.Long,java.lang.String,java.lang.String,java.lang.String,java.lang.String,java.lang.String,java.lang.String,java.lang.String,java.lang.String)
2019-01-24 16:22:46.774  INFO 5072 --- [           main] s.w.s.m.m.a.RequestMappingHandlerMapping : Mapped "{[/mybatis/queryAll]}" onto public java.util.List<com.show.admin.scetc.pojo.AdminUser> com.show.admin.scetc.controller.MybatisController.queryAll()
2019-01-24 16:22:46.777  INFO 5072 --- [           main] s.w.s.m.m.a.RequestMappingHandlerMapping : Mapped "{[/other/sendEmail.do],methods=[POST]}" onto public com.show.admin.scetc.utils.XyfJsonResult com.show.admin.scetc.controller.OtherController.sendEmail(java.lang.String,java.lang.String,java.lang.String,javax.servlet.http.HttpServletRequest)
2019-01-24 16:22:46.777  INFO 5072 --- [           main] s.w.s.m.m.a.RequestMappingHandlerMapping : Mapped "{[/other/imageCode.do]}" onto public void com.show.admin.scetc.controller.OtherController.sendImageCode(javax.servlet.http.HttpServletResponse,javax.servlet.http.HttpServletRequest)
2019-01-24 16:22:46.779  INFO 5072 --- [           main] s.w.s.m.m.a.RequestMappingHandlerMapping : Mapped "{[/report/queryAll],methods=[POST]}" onto public com.show.admin.scetc.utils.XyfJsonResult com.show.admin.scetc.controller.ReportController.queryAll(java.lang.String,java.lang.Integer,java.lang.Integer)
2019-01-24 16:22:46.779  INFO 5072 --- [           main] s.w.s.m.m.a.RequestMappingHandlerMapping : Mapped "{[/report/undercarriage],methods=[POST]}" onto public com.show.admin.scetc.utils.XyfJsonResult com.show.admin.scetc.controller.ReportController.undercarriage(java.lang.String,java.lang.String)
2019-01-24 16:22:46.780  INFO 5072 --- [           main] s.w.s.m.m.a.RequestMappingHandlerMapping : Mapped "{[/role/queryAllRoleToPower]}" onto public com.show.admin.scetc.utils.XyfJsonResult com.show.admin.scetc.controller.RolesController.queryAll()
2019-01-24 16:22:46.781  INFO 5072 --- [           main] s.w.s.m.m.a.RequestMappingHandlerMapping : Mapped "{[/role/queryAllRole]}" onto public com.show.admin.scetc.utils.XyfJsonResult com.show.admin.scetc.controller.RolesController.queryAllRole()
2019-01-24 16:22:46.781  INFO 5072 --- [           main] s.w.s.m.m.a.RequestMappingHandlerMapping : Mapped "{[/role/queryAllPower]}" onto public com.show.admin.scetc.utils.XyfJsonResult com.show.admin.scetc.controller.RolesController.queryAllPower()
2019-01-24 16:22:46.781  INFO 5072 --- [           main] s.w.s.m.m.a.RequestMappingHandlerMapping : Mapped "{[/role/addAdminUserAndRole]}" onto public com.show.admin.scetc.utils.XyfJsonResult com.show.admin.scetc.controller.RolesController.addAdminUserAndRole(java.lang.String,java.lang.String)
2019-01-24 16:22:46.781  INFO 5072 --- [           main] s.w.s.m.m.a.RequestMappingHandlerMapping : Mapped "{[/role/queryAllAdminToRole]}" onto public com.show.admin.scetc.utils.XyfJsonResult com.show.admin.scetc.controller.RolesController.queryAllAdminToRole()
2019-01-24 16:22:46.783  INFO 5072 --- [           main] s.w.s.m.m.a.RequestMappingHandlerMapping : Mapped "{[/video/queryAll]}" onto public com.show.admin.scetc.utils.XyfJsonResult com.show.admin.scetc.controller.VideoController.queryAll(java.lang.String,java.lang.String,java.lang.Integer,java.lang.Integer,java.lang.String)
2019-01-24 16:22:46.783  INFO 5072 --- [           main] s.w.s.m.m.a.RequestMappingHandlerMapping : Mapped "{[/video/editVideos]}" onto public com.show.admin.scetc.utils.XyfJsonResult com.show.admin.scetc.controller.VideoController.editVideosSubmit()
2019-01-24 16:22:46.784  INFO 5072 --- [           main] s.w.s.m.m.a.RequestMappingHandlerMapping : Mapped "{[/video/updateVideo]}" onto public com.show.admin.scetc.utils.XyfJsonResult com.show.admin.scetc.controller.VideoController.updateVideo(java.lang.String,java.lang.String)
2019-01-24 16:22:46.784  INFO 5072 --- [           main] s.w.s.m.m.a.RequestMappingHandlerMapping : Mapped "{[/video/selectVideoType],methods=[POST]}" onto public com.show.admin.scetc.utils.XyfJsonResult com.show.admin.scetc.controller.VideoController.selectVideoType(java.lang.String,java.lang.Integer,java.lang.Integer)
2019-01-24 16:22:46.784  INFO 5072 --- [           main] s.w.s.m.m.a.RequestMappingHandlerMapping : Mapped "{[/video/welcome]}" onto public java.lang.String com.show.admin.scetc.controller.VideoController.welcome()
2019-01-24 16:22:46.788  INFO 5072 --- [           main] s.w.s.m.m.a.RequestMappingHandlerMapping : Mapped "{[/swagger-resources/configuration/ui]}" onto public org.springframework.http.ResponseEntity<springfox.documentation.swagger.web.UiConfiguration> springfox.documentation.swagger.web.ApiResourceController.uiConfiguration()
2019-01-24 16:22:46.789  INFO 5072 --- [           main] s.w.s.m.m.a.RequestMappingHandlerMapping : Mapped "{[/swagger-resources]}" onto public org.springframework.http.ResponseEntity<java.util.List<springfox.documentation.swagger.web.SwaggerResource>> springfox.documentation.swagger.web.ApiResourceController.swaggerResources()
2019-01-24 16:22:46.790  INFO 5072 --- [           main] s.w.s.m.m.a.RequestMappingHandlerMapping : Mapped "{[/swagger-resources/configuration/security]}" onto public org.springframework.http.ResponseEntity<springfox.documentation.swagger.web.SecurityConfiguration> springfox.documentation.swagger.web.ApiResourceController.securityConfiguration()
2019-01-24 16:22:46.793  INFO 5072 --- [           main] s.w.s.m.m.a.RequestMappingHandlerMapping : Mapped "{[/error]}" onto public org.springframework.http.ResponseEntity<java.util.Map<java.lang.String, java.lang.Object>> org.springframework.boot.autoconfigure.web.BasicErrorController.error(javax.servlet.http.HttpServletRequest)
2019-01-24 16:22:46.794  INFO 5072 --- [           main] s.w.s.m.m.a.RequestMappingHandlerMapping : Mapped "{[/error],produces=[text/html]}" onto public org.springframework.web.servlet.ModelAndView org.springframework.boot.autoconfigure.web.BasicErrorController.errorHtml(javax.servlet.http.HttpServletRequest,javax.servlet.http.HttpServletResponse)
2019-01-24 16:22:47.081  INFO 5072 --- [           main] pertySourcedRequestMappingHandlerMapping : Mapped URL path [/v2/api-docs] onto method [public org.springframework.http.ResponseEntity<springfox.documentation.spring.web.json.Json> springfox.documentation.swagger2.web.Swagger2Controller.getDocumentation(java.lang.String,javax.servlet.http.HttpServletRequest)]
2019-01-24 16:22:47.735  INFO 5072 --- [           main] s.w.s.m.m.a.RequestMappingHandlerAdapter : Looking for @ControllerAdvice: org.springframework.web.context.support.GenericWebApplicationContext@27d57a2c: startup date [Thu Jan 24 16:22:42 CST 2019]; parent: org.springframework.context.annotation.AnnotationConfigApplicationContext@b70da4c
2019-01-24 16:22:47.834  INFO 5072 --- [           main] o.s.w.s.handler.SimpleUrlHandlerMapping  : Mapped URL path [/**] onto handler of type [class org.springframework.web.servlet.resource.ResourceHttpRequestHandler]
2019-01-24 16:22:47.834  INFO 5072 --- [           main] o.s.w.s.handler.SimpleUrlHandlerMapping  : Mapped URL path [/webjars/**] onto handler of type [class org.springframework.web.servlet.resource.ResourceHttpRequestHandler]
2019-01-24 16:22:47.834  INFO 5072 --- [           main] o.s.w.s.handler.SimpleUrlHandlerMapping  : Mapped URL path [/static/**] onto handler of type [class org.springframework.web.servlet.resource.ResourceHttpRequestHandler]
2019-01-24 16:22:47.861  INFO 5072 --- [           main] .m.m.a.ExceptionHandlerExceptionResolver : Detected @ExceptionHandler methods in xuYuanFengExceptionHandler
2019-01-24 16:22:47.902  INFO 5072 --- [           main] o.s.w.s.handler.SimpleUrlHandlerMapping  : Mapped URL path [/**/favicon.ico] onto handler of type [class org.springframework.web.servlet.resource.ResourceHttpRequestHandler]
2019-01-24 16:22:49.608  INFO 5072 --- [           main] o.s.c.support.DefaultLifecycleProcessor  : Starting beans in phase 2147483647
2019-01-24 16:22:49.608  INFO 5072 --- [           main] d.s.w.p.DocumentationPluginsBootstrapper : Context refreshed
2019-01-24 16:22:49.660  INFO 5072 --- [           main] d.s.w.p.DocumentationPluginsBootstrapper : Found 1 custom documentation plugin(s)
2019-01-24 16:22:49.729  INFO 5072 --- [           main] s.d.s.w.s.ApiListingReferenceScanner     : Scanning for api listing references
2019-01-24 16:22:50.073  INFO 5072 --- [           main] .d.s.w.r.o.CachingOperationNameGenerator : Generating unique operation named: selectResourceByIdUsingPOST_1
2019-01-24 16:22:50.180  INFO 5072 --- [           main] .d.s.w.r.o.CachingOperationNameGenerator : Generating unique operation named: queryAllUsingPOST_1
2019-01-24 16:22:50.185  INFO 5072 --- [           main] .d.s.w.r.o.CachingOperationNameGenerator : Generating unique operation named: addUsingPOST_1
2019-01-24 16:22:50.198  INFO 5072 --- [           main] .d.s.w.r.o.CachingOperationNameGenerator : Generating unique operation named: queryAllUsingPOST_2
2019-01-24 16:22:50.219  INFO 5072 --- [           main] .d.s.w.r.o.CachingOperationNameGenerator : Generating unique operation named: queryAllUsingPOST_3
2019-01-24 16:22:50.233  INFO 5072 --- [           main] .d.s.w.r.o.CachingOperationNameGenerator : Generating unique operation named: queryAllUsingGET_1
2019-01-24 16:22:50.234  INFO 5072 --- [           main] .d.s.w.r.o.CachingOperationNameGenerator : Generating unique operation named: queryAllUsingHEAD_1
2019-01-24 16:22:50.235  INFO 5072 --- [           main] .d.s.w.r.o.CachingOperationNameGenerator : Generating unique operation named: queryAllUsingPOST_4
2019-01-24 16:22:50.235  INFO 5072 --- [           main] .d.s.w.r.o.CachingOperationNameGenerator : Generating unique operation named: queryAllUsingPUT_1
2019-01-24 16:22:50.236  INFO 5072 --- [           main] .d.s.w.r.o.CachingOperationNameGenerator : Generating unique operation named: queryAllUsingPATCH_1
2019-01-24 16:22:50.236  INFO 5072 --- [           main] .d.s.w.r.o.CachingOperationNameGenerator : Generating unique operation named: queryAllUsingDELETE_1
2019-01-24 16:22:50.237  INFO 5072 --- [           main] .d.s.w.r.o.CachingOperationNameGenerator : Generating unique operation named: queryAllUsingOPTIONS_1
2019-01-24 16:22:50.237  INFO 5072 --- [           main] .d.s.w.r.o.CachingOperationNameGenerator : Generating unique operation named: queryAllUsingTRACE_1
2019-01-24 16:22:50.262  INFO 5072 --- [           main] .d.s.w.r.o.CachingOperationNameGenerator : Generating unique operation named: queryAllUsingGET_2
2019-01-24 16:22:50.263  INFO 5072 --- [           main] .d.s.w.r.o.CachingOperationNameGenerator : Generating unique operation named: queryAllUsingHEAD_2
2019-01-24 16:22:50.265  INFO 5072 --- [           main] .d.s.w.r.o.CachingOperationNameGenerator : Generating unique operation named: queryAllUsingPOST_5
2019-01-24 16:22:50.268  INFO 5072 --- [           main] .d.s.w.r.o.CachingOperationNameGenerator : Generating unique operation named: queryAllUsingPUT_2
2019-01-24 16:22:50.271  INFO 5072 --- [           main] .d.s.w.r.o.CachingOperationNameGenerator : Generating unique operation named: queryAllUsingPATCH_2
2019-01-24 16:22:50.274  INFO 5072 --- [           main] .d.s.w.r.o.CachingOperationNameGenerator : Generating unique operation named: queryAllUsingDELETE_2
2019-01-24 16:22:50.276  INFO 5072 --- [           main] .d.s.w.r.o.CachingOperationNameGenerator : Generating unique operation named: queryAllUsingOPTIONS_2
2019-01-24 16:22:50.279  INFO 5072 --- [           main] .d.s.w.r.o.CachingOperationNameGenerator : Generating unique operation named: queryAllUsingTRACE_2
2019-01-24 16:22:50.302  INFO 5072 --- [           main] .d.s.w.r.o.CachingOperationNameGenerator : Generating unique operation named: welcomeUsingGET_1
2019-01-24 16:22:50.304  INFO 5072 --- [           main] .d.s.w.r.o.CachingOperationNameGenerator : Generating unique operation named: welcomeUsingHEAD_1
2019-01-24 16:22:50.305  INFO 5072 --- [           main] .d.s.w.r.o.CachingOperationNameGenerator : Generating unique operation named: welcomeUsingPOST_1
2019-01-24 16:22:50.306  INFO 5072 --- [           main] .d.s.w.r.o.CachingOperationNameGenerator : Generating unique operation named: welcomeUsingPUT_1
2019-01-24 16:22:50.307  INFO 5072 --- [           main] .d.s.w.r.o.CachingOperationNameGenerator : Generating unique operation named: welcomeUsingPATCH_1
2019-01-24 16:22:50.308  INFO 5072 --- [           main] .d.s.w.r.o.CachingOperationNameGenerator : Generating unique operation named: welcomeUsingDELETE_1
2019-01-24 16:22:50.309  INFO 5072 --- [           main] .d.s.w.r.o.CachingOperationNameGenerator : Generating unique operation named: welcomeUsingOPTIONS_1
2019-01-24 16:22:50.310  INFO 5072 --- [           main] .d.s.w.r.o.CachingOperationNameGenerator : Generating unique operation named: welcomeUsingTRACE_1
2019-01-24 16:22:50.347  INFO 5072 --- [           main] a.s.ScetcShowVideosAdminApplicationTests : Started ScetcShowVideosAdminApplicationTests in 10.502 seconds (JVM running for 11.859)
-----初始化代码---------
-----执行测试完毕-----------
]]></system-out>
    <system-err><![CDATA[SLF4J: Class path contains multiple SLF4J bindings.
SLF4J: Found binding in [jar:file:/C:/Users/reborn/.m2/repository/ch/qos/logback/logback-classic/1.1.11/logback-classic-1.1.11.jar!/org/slf4j/impl/StaticLoggerBinder.class]
SLF4J: Found binding in [jar:file:/C:/Users/reborn/.m2/repository/org/slf4j/slf4j-log4j12/1.7.25/slf4j-log4j12-1.7.25.jar!/org/slf4j/impl/StaticLoggerBinder.class]
SLF4J: See http://www.slf4j.org/codes.html#multiple_bindings for an explanation.
SLF4J: Actual binding is of type [ch.qos.logback.classic.util.ContextSelectorStaticBinder]
]]></system-err>
  </testcase>
  <testcase name="test2" classname="com.show.admin.scetcshowvideosadmin.ScetcShowVideosAdminApplicationTests" time="2.016">
    <error message="I/O error on PATCH request for &quot;http://localhost:8082/index&quot;: Connect to localhost:8082 [localhost/127.0.0.1, localhost/0:0:0:0:0:0:0:1] failed: Connection refused: connect; nested exception is org.apache.http.conn.HttpHostConnectException: Connect to localhost:8082 [localhost/127.0.0.1, localhost/0:0:0:0:0:0:0:1] failed: Connection refused: connect" type="org.springframework.web.client.ResourceAccessException">org.springframework.web.client.ResourceAccessException: I/O error on PATCH request for "http://localhost:8082/index": Connect to localhost:8082 [localhost/127.0.0.1, localhost/0:0:0:0:0:0:0:1] failed: Connection refused: connect; nested exception is org.apache.http.conn.HttpHostConnectException: Connect to localhost:8082 [localhost/127.0.0.1, localhost/0:0:0:0:0:0:0:1] failed: Connection refused: connect
	at java.net.DualStackPlainSocketImpl.connect0(Native Method)
	at java.net.DualStackPlainSocketImpl.socketConnect(DualStackPlainSocketImpl.java:79)
	at java.net.AbstractPlainSocketImpl.doConnect(AbstractPlainSocketImpl.java:350)
	at java.net.AbstractPlainSocketImpl.connectToAddress(AbstractPlainSocketImpl.java:206)
	at java.net.AbstractPlainSocketImpl.connect(AbstractPlainSocketImpl.java:188)
	at java.net.PlainSocketImpl.connect(PlainSocketImpl.java:172)
	at java.net.SocksSocketImpl.connect(SocksSocketImpl.java:392)
	at java.net.Socket.connect(Socket.java:589)
	at org.apache.http.conn.socket.PlainConnectionSocketFactory.connectSocket(PlainConnectionSocketFactory.java:75)
	at org.apache.http.impl.conn.DefaultHttpClientConnectionOperator.connect(DefaultHttpClientConnectionOperator.java:142)
	at org.apache.http.impl.conn.PoolingHttpClientConnectionManager.connect(PoolingHttpClientConnectionManager.java:373)
	at org.apache.http.impl.execchain.MainClientExec.establishRoute(MainClientExec.java:394)
	at org.apache.http.impl.execchain.MainClientExec.execute(MainClientExec.java:237)
	at org.apache.http.impl.execchain.ProtocolExec.execute(ProtocolExec.java:185)
	at org.apache.http.impl.execchain.RetryExec.execute(RetryExec.java:89)
	at org.apache.http.impl.execchain.RedirectExec.execute(RedirectExec.java:110)
	at org.apache.http.impl.client.InternalHttpClient.doExecute(InternalHttpClient.java:185)
	at org.apache.http.impl.client.CloseableHttpClient.execute(CloseableHttpClient.java:83)
	at org.apache.http.impl.client.CloseableHttpClient.execute(CloseableHttpClient.java:56)
	at org.springframework.http.client.HttpComponentsClientHttpRequest.executeInternal(HttpComponentsClientHttpRequest.java:89)
	at org.springframework.http.client.AbstractBufferingClientHttpRequest.executeInternal(AbstractBufferingClientHttpRequest.java:48)
	at org.springframework.http.client.AbstractClientHttpRequest.execute(AbstractClientHttpRequest.java:53)
	at org.springframework.web.client.RestTemplate.doExecute(RestTemplate.java:660)
	at org.springframework.web.client.RestTemplate.execute(RestTemplate.java:621)
	at org.springframework.web.client.RestTemplate.patchForObject(RestTemplate.java:465)
	at org.springframework.boot.test.web.client.TestRestTemplate.patchForObject(TestRestTemplate.java:593)
	at com.show.admin.scetcshowvideosadmin.ScetcShowVideosAdminApplicationTests.test2(ScetcShowVideosAdminApplicationTests.java:43)
</error>
    <system-out><![CDATA[-----初始化代码---------
-----执行测试完毕-----------
]]></system-out>
  </testcase>
  <testcase name="test3" classname="com.show.admin.scetcshowvideosadmin.ScetcShowVideosAdminApplicationTests" time="2.02">
    <error message="I/O error on PATCH request for &quot;http://localhost:8082/adminUser/login&quot;: Connect to localhost:8082 [localhost/127.0.0.1, localhost/0:0:0:0:0:0:0:1] failed: Connection refused: connect; nested exception is org.apache.http.conn.HttpHostConnectException: Connect to localhost:8082 [localhost/127.0.0.1, localhost/0:0:0:0:0:0:0:1] failed: Connection refused: connect" type="org.springframework.web.client.ResourceAccessException">org.springframework.web.client.ResourceAccessException: I/O error on PATCH request for "http://localhost:8082/adminUser/login": Connect to localhost:8082 [localhost/127.0.0.1, localhost/0:0:0:0:0:0:0:1] failed: Connection refused: connect; nested exception is org.apache.http.conn.HttpHostConnectException: Connect to localhost:8082 [localhost/127.0.0.1, localhost/0:0:0:0:0:0:0:1] failed: Connection refused: connect
	at java.net.DualStackPlainSocketImpl.connect0(Native Method)
	at java.net.DualStackPlainSocketImpl.socketConnect(DualStackPlainSocketImpl.java:79)
	at java.net.AbstractPlainSocketImpl.doConnect(AbstractPlainSocketImpl.java:350)
	at java.net.AbstractPlainSocketImpl.connectToAddress(AbstractPlainSocketImpl.java:206)
	at java.net.AbstractPlainSocketImpl.connect(AbstractPlainSocketImpl.java:188)
	at java.net.PlainSocketImpl.connect(PlainSocketImpl.java:172)
	at java.net.SocksSocketImpl.connect(SocksSocketImpl.java:392)
	at java.net.Socket.connect(Socket.java:589)
	at org.apache.http.conn.socket.PlainConnectionSocketFactory.connectSocket(PlainConnectionSocketFactory.java:75)
	at org.apache.http.impl.conn.DefaultHttpClientConnectionOperator.connect(DefaultHttpClientConnectionOperator.java:142)
	at org.apache.http.impl.conn.PoolingHttpClientConnectionManager.connect(PoolingHttpClientConnectionManager.java:373)
	at org.apache.http.impl.execchain.MainClientExec.establishRoute(MainClientExec.java:394)
	at org.apache.http.impl.execchain.MainClientExec.execute(MainClientExec.java:237)
	at org.apache.http.impl.execchain.ProtocolExec.execute(ProtocolExec.java:185)
	at org.apache.http.impl.execchain.RetryExec.execute(RetryExec.java:89)
	at org.apache.http.impl.execchain.RedirectExec.execute(RedirectExec.java:110)
	at org.apache.http.impl.client.InternalHttpClient.doExecute(InternalHttpClient.java:185)
	at org.apache.http.impl.client.CloseableHttpClient.execute(CloseableHttpClient.java:83)
	at org.apache.http.impl.client.CloseableHttpClient.execute(CloseableHttpClient.java:56)
	at org.springframework.http.client.HttpComponentsClientHttpRequest.executeInternal(HttpComponentsClientHttpRequest.java:89)
	at org.springframework.http.client.AbstractBufferingClientHttpRequest.executeInternal(AbstractBufferingClientHttpRequest.java:48)
	at org.springframework.http.client.AbstractClientHttpRequest.execute(AbstractClientHttpRequest.java:53)
	at org.springframework.web.client.RestTemplate.doExecute(RestTemplate.java:660)
	at org.springframework.web.client.RestTemplate.execute(RestTemplate.java:621)
	at org.springframework.web.client.RestTemplate.patchForObject(RestTemplate.java:465)
	at org.springframework.boot.test.web.client.TestRestTemplate.patchForObject(TestRestTemplate.java:593)
	at com.show.admin.scetcshowvideosadmin.ScetcShowVideosAdminApplicationTests.test3(ScetcShowVideosAdminApplicationTests.java:50)
</error>
    <system-out><![CDATA[-----初始化代码---------
-----执行测试完毕-----------
]]></system-out>
  </testcase>
</testsuite>